/usr/users/chiaying/oneshot/jnas/oneshot/chosen_words/matched_gender/male/5/5_13_2.jnas.out
66 60 64 54 28 63 41 94 15 
/usr/users/chiaying/oneshot/jnas/oneshot/chosen_words/matched_gender/male/5/5_10_1.jnas.out -2715.4
/usr/users/chiaying/oneshot/jnas/oneshot/chosen_words/matched_gender/male/5/5_11_1.jnas.out -2466.6
/usr/users/chiaying/oneshot/jnas/oneshot/chosen_words/matched_gender/male/5/5_12_1.jnas.out -2622.1
/usr/users/chiaying/oneshot/jnas/oneshot/chosen_words/matched_gender/male/5/5_13_1.jnas.out -2308.73
/usr/users/chiaying/oneshot/jnas/oneshot/chosen_words/matched_gender/male/5/5_14_1.jnas.out -2878.8
/usr/users/chiaying/oneshot/jnas/oneshot/chosen_words/matched_gender/male/5/5_15_1.jnas.out -2425.86
/usr/users/chiaying/oneshot/jnas/oneshot/chosen_words/matched_gender/male/5/5_16_1.jnas.out -2971.47
/usr/users/chiaying/oneshot/jnas/oneshot/chosen_words/matched_gender/male/5/5_17_1.jnas.out -2434.52
/usr/users/chiaying/oneshot/jnas/oneshot/chosen_words/matched_gender/male/5/5_18_1.jnas.out -2916.37
/usr/users/chiaying/oneshot/jnas/oneshot/chosen_words/matched_gender/male/5/5_19_1.jnas.out -2690.37
/usr/users/chiaying/oneshot/jnas/oneshot/chosen_words/matched_gender/male/5/5_1_1.jnas.out -2864.2
/usr/users/chiaying/oneshot/jnas/oneshot/chosen_words/matched_gender/male/5/5_20_1.jnas.out -2391.77
/usr/users/chiaying/oneshot/jnas/oneshot/chosen_words/matched_gender/male/5/5_2_1.jnas.out -3015.93
/usr/users/chiaying/oneshot/jnas/oneshot/chosen_words/matched_gender/male/5/5_3_1.jnas.out -2958.24
/usr/users/chiaying/oneshot/jnas/oneshot/chosen_words/matched_gender/male/5/5_4_1.jnas.out -2798.6
/usr/users/chiaying/oneshot/jnas/oneshot/chosen_words/matched_gender/male/5/5_5_1.jnas.out -2453.82
/usr/users/chiaying/oneshot/jnas/oneshot/chosen_words/matched_gender/male/5/5_6_1.jnas.out -2764.47
/usr/users/chiaying/oneshot/jnas/oneshot/chosen_words/matched_gender/male/5/5_7_1.jnas.out -2922.7
/usr/users/chiaying/oneshot/jnas/oneshot/chosen_words/matched_gender/male/5/5_8_1.jnas.out -2874.75
/usr/users/chiaying/oneshot/jnas/oneshot/chosen_words/matched_gender/male/5/5_9_1.jnas.out -2823.24
