/usr/users/chiaying/oneshot/jnas/oneshot/chosen_words/matched_gender/male/5/5_13_2.wsj.out
25 33 56 5 76 15 
/usr/users/chiaying/oneshot/jnas/oneshot/chosen_words/matched_gender/male/5/5_10_1.wsj.out -2659.82
/usr/users/chiaying/oneshot/jnas/oneshot/chosen_words/matched_gender/male/5/5_11_1.wsj.out -2682.64
/usr/users/chiaying/oneshot/jnas/oneshot/chosen_words/matched_gender/male/5/5_12_1.wsj.out -2798.21
/usr/users/chiaying/oneshot/jnas/oneshot/chosen_words/matched_gender/male/5/5_13_1.wsj.out -2394.47
/usr/users/chiaying/oneshot/jnas/oneshot/chosen_words/matched_gender/male/5/5_14_1.wsj.out -2789.78
/usr/users/chiaying/oneshot/jnas/oneshot/chosen_words/matched_gender/male/5/5_15_1.wsj.out -2517.69
/usr/users/chiaying/oneshot/jnas/oneshot/chosen_words/matched_gender/male/5/5_16_1.wsj.out -2727.81
/usr/users/chiaying/oneshot/jnas/oneshot/chosen_words/matched_gender/male/5/5_17_1.wsj.out -2406.53
/usr/users/chiaying/oneshot/jnas/oneshot/chosen_words/matched_gender/male/5/5_18_1.wsj.out -2958.43
/usr/users/chiaying/oneshot/jnas/oneshot/chosen_words/matched_gender/male/5/5_19_1.wsj.out -2843.47
/usr/users/chiaying/oneshot/jnas/oneshot/chosen_words/matched_gender/male/5/5_1_1.wsj.out -2588.47
/usr/users/chiaying/oneshot/jnas/oneshot/chosen_words/matched_gender/male/5/5_20_1.wsj.out -2334.24
/usr/users/chiaying/oneshot/jnas/oneshot/chosen_words/matched_gender/male/5/5_2_1.wsj.out -2871.99
/usr/users/chiaying/oneshot/jnas/oneshot/chosen_words/matched_gender/male/5/5_3_1.wsj.out -2886
/usr/users/chiaying/oneshot/jnas/oneshot/chosen_words/matched_gender/male/5/5_4_1.wsj.out -2871.85
/usr/users/chiaying/oneshot/jnas/oneshot/chosen_words/matched_gender/male/5/5_5_1.wsj.out -2530.11
/usr/users/chiaying/oneshot/jnas/oneshot/chosen_words/matched_gender/male/5/5_6_1.wsj.out -2782.9
/usr/users/chiaying/oneshot/jnas/oneshot/chosen_words/matched_gender/male/5/5_7_1.wsj.out -2698.11
/usr/users/chiaying/oneshot/jnas/oneshot/chosen_words/matched_gender/male/5/5_8_1.wsj.out -2793.72
/usr/users/chiaying/oneshot/jnas/oneshot/chosen_words/matched_gender/male/5/5_9_1.wsj.out -2565.32
