/usr/users/chiaying/oneshot/jnas/oneshot/chosen_words/matched_gender/male/5/5_14_1.jnas.out
22 88 14 64 27 96 72 60 40 61 22 72 60 74 
/usr/users/chiaying/oneshot/jnas/oneshot/chosen_words/matched_gender/male/5/5_10_2.jnas.out -3487.99
/usr/users/chiaying/oneshot/jnas/oneshot/chosen_words/matched_gender/male/5/5_11_2.jnas.out -3453.13
/usr/users/chiaying/oneshot/jnas/oneshot/chosen_words/matched_gender/male/5/5_12_2.jnas.out -3726.5
/usr/users/chiaying/oneshot/jnas/oneshot/chosen_words/matched_gender/male/5/5_13_2.jnas.out -3560.15
/usr/users/chiaying/oneshot/jnas/oneshot/chosen_words/matched_gender/male/5/5_14_2.jnas.out -3023.19
/usr/users/chiaying/oneshot/jnas/oneshot/chosen_words/matched_gender/male/5/5_15_2.jnas.out -3341.95
/usr/users/chiaying/oneshot/jnas/oneshot/chosen_words/matched_gender/male/5/5_16_2.jnas.out -3386.8
/usr/users/chiaying/oneshot/jnas/oneshot/chosen_words/matched_gender/male/5/5_17_2.jnas.out -3441.51
/usr/users/chiaying/oneshot/jnas/oneshot/chosen_words/matched_gender/male/5/5_18_2.jnas.out -3502.5
/usr/users/chiaying/oneshot/jnas/oneshot/chosen_words/matched_gender/male/5/5_19_2.jnas.out -3449.34
/usr/users/chiaying/oneshot/jnas/oneshot/chosen_words/matched_gender/male/5/5_1_2.jnas.out -3484.89
/usr/users/chiaying/oneshot/jnas/oneshot/chosen_words/matched_gender/male/5/5_20_2.jnas.out -3519.49
/usr/users/chiaying/oneshot/jnas/oneshot/chosen_words/matched_gender/male/5/5_2_2.jnas.out -3436.87
/usr/users/chiaying/oneshot/jnas/oneshot/chosen_words/matched_gender/male/5/5_3_2.jnas.out -3473.21
/usr/users/chiaying/oneshot/jnas/oneshot/chosen_words/matched_gender/male/5/5_4_2.jnas.out -3332.75
/usr/users/chiaying/oneshot/jnas/oneshot/chosen_words/matched_gender/male/5/5_5_2.jnas.out -3350.8
/usr/users/chiaying/oneshot/jnas/oneshot/chosen_words/matched_gender/male/5/5_6_2.jnas.out -3472.65
/usr/users/chiaying/oneshot/jnas/oneshot/chosen_words/matched_gender/male/5/5_7_2.jnas.out -3403.87
/usr/users/chiaying/oneshot/jnas/oneshot/chosen_words/matched_gender/male/5/5_8_2.jnas.out -3301.43
/usr/users/chiaying/oneshot/jnas/oneshot/chosen_words/matched_gender/male/5/5_9_2.jnas.out -3318.99
