/usr/users/chiaying/oneshot/jnas/oneshot/chosen_words/matched_gender/male/5/5_16_2.wsj.out
3 20 92 2 21 15 55 
/usr/users/chiaying/oneshot/jnas/oneshot/chosen_words/matched_gender/male/5/5_10_1.wsj.out -3003.84
/usr/users/chiaying/oneshot/jnas/oneshot/chosen_words/matched_gender/male/5/5_11_1.wsj.out -2953.31
/usr/users/chiaying/oneshot/jnas/oneshot/chosen_words/matched_gender/male/5/5_12_1.wsj.out -3124.26
/usr/users/chiaying/oneshot/jnas/oneshot/chosen_words/matched_gender/male/5/5_13_1.wsj.out -3014
/usr/users/chiaying/oneshot/jnas/oneshot/chosen_words/matched_gender/male/5/5_14_1.wsj.out -2985.97
/usr/users/chiaying/oneshot/jnas/oneshot/chosen_words/matched_gender/male/5/5_15_1.wsj.out -2999.79
/usr/users/chiaying/oneshot/jnas/oneshot/chosen_words/matched_gender/male/5/5_16_1.wsj.out -2843.58
/usr/users/chiaying/oneshot/jnas/oneshot/chosen_words/matched_gender/male/5/5_17_1.wsj.out -2993.25
/usr/users/chiaying/oneshot/jnas/oneshot/chosen_words/matched_gender/male/5/5_18_1.wsj.out -2993.36
/usr/users/chiaying/oneshot/jnas/oneshot/chosen_words/matched_gender/male/5/5_19_1.wsj.out -2888.16
/usr/users/chiaying/oneshot/jnas/oneshot/chosen_words/matched_gender/male/5/5_1_1.wsj.out -3078.74
/usr/users/chiaying/oneshot/jnas/oneshot/chosen_words/matched_gender/male/5/5_20_1.wsj.out -3029.34
/usr/users/chiaying/oneshot/jnas/oneshot/chosen_words/matched_gender/male/5/5_2_1.wsj.out -2935.5
/usr/users/chiaying/oneshot/jnas/oneshot/chosen_words/matched_gender/male/5/5_3_1.wsj.out -2769.84
/usr/users/chiaying/oneshot/jnas/oneshot/chosen_words/matched_gender/male/5/5_4_1.wsj.out -2917.69
/usr/users/chiaying/oneshot/jnas/oneshot/chosen_words/matched_gender/male/5/5_5_1.wsj.out -3018.48
/usr/users/chiaying/oneshot/jnas/oneshot/chosen_words/matched_gender/male/5/5_6_1.wsj.out -2847.73
/usr/users/chiaying/oneshot/jnas/oneshot/chosen_words/matched_gender/male/5/5_7_1.wsj.out -3091.65
/usr/users/chiaying/oneshot/jnas/oneshot/chosen_words/matched_gender/male/5/5_8_1.wsj.out -2892.19
/usr/users/chiaying/oneshot/jnas/oneshot/chosen_words/matched_gender/male/5/5_9_1.wsj.out -2988.06
