/usr/users/chiaying/oneshot/jnas/oneshot/chosen_words/matched_gender/male/5/5_8_2.jnas.out
3 72 71 14 24 42 93 61 95 23 16 
/usr/users/chiaying/oneshot/jnas/oneshot/chosen_words/matched_gender/male/5/5_10_1.jnas.out -3492.66
/usr/users/chiaying/oneshot/jnas/oneshot/chosen_words/matched_gender/male/5/5_11_1.jnas.out -3212.22
/usr/users/chiaying/oneshot/jnas/oneshot/chosen_words/matched_gender/male/5/5_12_1.jnas.out -3534.75
/usr/users/chiaying/oneshot/jnas/oneshot/chosen_words/matched_gender/male/5/5_13_1.jnas.out -3283.86
/usr/users/chiaying/oneshot/jnas/oneshot/chosen_words/matched_gender/male/5/5_14_1.jnas.out -3367.53
/usr/users/chiaying/oneshot/jnas/oneshot/chosen_words/matched_gender/male/5/5_15_1.jnas.out -3114.81
/usr/users/chiaying/oneshot/jnas/oneshot/chosen_words/matched_gender/male/5/5_16_1.jnas.out -3459.3
/usr/users/chiaying/oneshot/jnas/oneshot/chosen_words/matched_gender/male/5/5_17_1.jnas.out -3329.67
/usr/users/chiaying/oneshot/jnas/oneshot/chosen_words/matched_gender/male/5/5_18_1.jnas.out -3453.92
/usr/users/chiaying/oneshot/jnas/oneshot/chosen_words/matched_gender/male/5/5_19_1.jnas.out -3340.05
/usr/users/chiaying/oneshot/jnas/oneshot/chosen_words/matched_gender/male/5/5_1_1.jnas.out -3412.59
/usr/users/chiaying/oneshot/jnas/oneshot/chosen_words/matched_gender/male/5/5_20_1.jnas.out -3233
/usr/users/chiaying/oneshot/jnas/oneshot/chosen_words/matched_gender/male/5/5_2_1.jnas.out -3384.29
/usr/users/chiaying/oneshot/jnas/oneshot/chosen_words/matched_gender/male/5/5_3_1.jnas.out -3325.91
/usr/users/chiaying/oneshot/jnas/oneshot/chosen_words/matched_gender/male/5/5_4_1.jnas.out -3477.16
/usr/users/chiaying/oneshot/jnas/oneshot/chosen_words/matched_gender/male/5/5_5_1.jnas.out -3128.42
/usr/users/chiaying/oneshot/jnas/oneshot/chosen_words/matched_gender/male/5/5_6_1.jnas.out -3192
/usr/users/chiaying/oneshot/jnas/oneshot/chosen_words/matched_gender/male/5/5_7_1.jnas.out -3581.83
/usr/users/chiaying/oneshot/jnas/oneshot/chosen_words/matched_gender/male/5/5_8_1.jnas.out -2951.7
/usr/users/chiaying/oneshot/jnas/oneshot/chosen_words/matched_gender/male/5/5_9_1.jnas.out -3578.85
