/usr/users/chiaying/oneshot/jnas/oneshot/chosen_words/matched_gender/female/3/3_10_1.jnas.out
31 52 9 12 86 3 91 97 62 33 80 
/usr/users/chiaying/oneshot/jnas/oneshot/chosen_words/matched_gender/female/3/3_10_2.jnas.out -1859.8
/usr/users/chiaying/oneshot/jnas/oneshot/chosen_words/matched_gender/female/3/3_11_2.jnas.out -2128.33
/usr/users/chiaying/oneshot/jnas/oneshot/chosen_words/matched_gender/female/3/3_12_2.jnas.out -2153.45
/usr/users/chiaying/oneshot/jnas/oneshot/chosen_words/matched_gender/female/3/3_13_2.jnas.out -2077.59
/usr/users/chiaying/oneshot/jnas/oneshot/chosen_words/matched_gender/female/3/3_14_2.jnas.out -2212.14
/usr/users/chiaying/oneshot/jnas/oneshot/chosen_words/matched_gender/female/3/3_15_2.jnas.out -2042.34
/usr/users/chiaying/oneshot/jnas/oneshot/chosen_words/matched_gender/female/3/3_16_2.jnas.out -2058.33
/usr/users/chiaying/oneshot/jnas/oneshot/chosen_words/matched_gender/female/3/3_17_2.jnas.out -2095.3
/usr/users/chiaying/oneshot/jnas/oneshot/chosen_words/matched_gender/female/3/3_18_2.jnas.out -2038.88
/usr/users/chiaying/oneshot/jnas/oneshot/chosen_words/matched_gender/female/3/3_19_2.jnas.out -2141.89
/usr/users/chiaying/oneshot/jnas/oneshot/chosen_words/matched_gender/female/3/3_1_2.jnas.out -2186.7
/usr/users/chiaying/oneshot/jnas/oneshot/chosen_words/matched_gender/female/3/3_20_2.jnas.out -2199.66
/usr/users/chiaying/oneshot/jnas/oneshot/chosen_words/matched_gender/female/3/3_2_2.jnas.out -2100.48
/usr/users/chiaying/oneshot/jnas/oneshot/chosen_words/matched_gender/female/3/3_3_2.jnas.out -2133.03
/usr/users/chiaying/oneshot/jnas/oneshot/chosen_words/matched_gender/female/3/3_4_2.jnas.out -2099.41
/usr/users/chiaying/oneshot/jnas/oneshot/chosen_words/matched_gender/female/3/3_5_2.jnas.out -2203.39
/usr/users/chiaying/oneshot/jnas/oneshot/chosen_words/matched_gender/female/3/3_6_2.jnas.out -2160.38
/usr/users/chiaying/oneshot/jnas/oneshot/chosen_words/matched_gender/female/3/3_7_2.jnas.out -2184.01
/usr/users/chiaying/oneshot/jnas/oneshot/chosen_words/matched_gender/female/3/3_8_2.jnas.out -2143.58
/usr/users/chiaying/oneshot/jnas/oneshot/chosen_words/matched_gender/female/3/3_9_2.jnas.out -2209.82
