/usr/users/chiaying/oneshot/jnas/oneshot/chosen_words/matched_gender/female/3/3_15_2.jnas.out
48 82 78 81 97 68 
/usr/users/chiaying/oneshot/jnas/oneshot/chosen_words/matched_gender/female/3/3_10_1.jnas.out -1889.29
/usr/users/chiaying/oneshot/jnas/oneshot/chosen_words/matched_gender/female/3/3_11_1.jnas.out -1920.3
/usr/users/chiaying/oneshot/jnas/oneshot/chosen_words/matched_gender/female/3/3_12_1.jnas.out -1901.89
/usr/users/chiaying/oneshot/jnas/oneshot/chosen_words/matched_gender/female/3/3_13_1.jnas.out -1953.87
/usr/users/chiaying/oneshot/jnas/oneshot/chosen_words/matched_gender/female/3/3_14_1.jnas.out -1940.81
/usr/users/chiaying/oneshot/jnas/oneshot/chosen_words/matched_gender/female/3/3_15_1.jnas.out -1747.76
/usr/users/chiaying/oneshot/jnas/oneshot/chosen_words/matched_gender/female/3/3_16_1.jnas.out -1799.98
/usr/users/chiaying/oneshot/jnas/oneshot/chosen_words/matched_gender/female/3/3_17_1.jnas.out -1942.04
/usr/users/chiaying/oneshot/jnas/oneshot/chosen_words/matched_gender/female/3/3_18_1.jnas.out -1876.62
/usr/users/chiaying/oneshot/jnas/oneshot/chosen_words/matched_gender/female/3/3_19_1.jnas.out -2016.99
/usr/users/chiaying/oneshot/jnas/oneshot/chosen_words/matched_gender/female/3/3_1_1.jnas.out -2034.34
/usr/users/chiaying/oneshot/jnas/oneshot/chosen_words/matched_gender/female/3/3_20_1.jnas.out -1895.96
/usr/users/chiaying/oneshot/jnas/oneshot/chosen_words/matched_gender/female/3/3_2_1.jnas.out -1942.98
/usr/users/chiaying/oneshot/jnas/oneshot/chosen_words/matched_gender/female/3/3_3_1.jnas.out -1991.58
/usr/users/chiaying/oneshot/jnas/oneshot/chosen_words/matched_gender/female/3/3_4_1.jnas.out -1925.46
/usr/users/chiaying/oneshot/jnas/oneshot/chosen_words/matched_gender/female/3/3_5_1.jnas.out -1855.86
/usr/users/chiaying/oneshot/jnas/oneshot/chosen_words/matched_gender/female/3/3_6_1.jnas.out -2044.66
/usr/users/chiaying/oneshot/jnas/oneshot/chosen_words/matched_gender/female/3/3_7_1.jnas.out -1996.94
/usr/users/chiaying/oneshot/jnas/oneshot/chosen_words/matched_gender/female/3/3_8_1.jnas.out -2027.56
/usr/users/chiaying/oneshot/jnas/oneshot/chosen_words/matched_gender/female/3/3_9_1.jnas.out -1823.38
/usr/users/chiaying/oneshot/jnas/oneshot/chosen_words/matched_gender/female/3/3_10_1.jnas.out -1889.29
/usr/users/chiaying/oneshot/jnas/oneshot/chosen_words/matched_gender/female/3/3_11_1.jnas.out -1920.3
/usr/users/chiaying/oneshot/jnas/oneshot/chosen_words/matched_gender/female/3/3_12_1.jnas.out -1901.89
/usr/users/chiaying/oneshot/jnas/oneshot/chosen_words/matched_gender/female/3/3_13_1.jnas.out -1953.87
/usr/users/chiaying/oneshot/jnas/oneshot/chosen_words/matched_gender/female/3/3_14_1.jnas.out -1940.81
/usr/users/chiaying/oneshot/jnas/oneshot/chosen_words/matched_gender/female/3/3_15_1.jnas.out -1747.76
/usr/users/chiaying/oneshot/jnas/oneshot/chosen_words/matched_gender/female/3/3_16_1.jnas.out -1799.98
/usr/users/chiaying/oneshot/jnas/oneshot/chosen_words/matched_gender/female/3/3_17_1.jnas.out -1942.04
/usr/users/chiaying/oneshot/jnas/oneshot/chosen_words/matched_gender/female/3/3_18_1.jnas.out -1876.62
/usr/users/chiaying/oneshot/jnas/oneshot/chosen_words/matched_gender/female/3/3_19_1.jnas.out -2016.99
/usr/users/chiaying/oneshot/jnas/oneshot/chosen_words/matched_gender/female/3/3_1_1.jnas.out -2034.34
/usr/users/chiaying/oneshot/jnas/oneshot/chosen_words/matched_gender/female/3/3_20_1.jnas.out -1895.96
/usr/users/chiaying/oneshot/jnas/oneshot/chosen_words/matched_gender/female/3/3_2_1.jnas.out -1942.98
/usr/users/chiaying/oneshot/jnas/oneshot/chosen_words/matched_gender/female/3/3_3_1.jnas.out -1991.58
/usr/users/chiaying/oneshot/jnas/oneshot/chosen_words/matched_gender/female/3/3_4_1.jnas.out -1925.46
/usr/users/chiaying/oneshot/jnas/oneshot/chosen_words/matched_gender/female/3/3_5_1.jnas.out -1855.86
/usr/users/chiaying/oneshot/jnas/oneshot/chosen_words/matched_gender/female/3/3_6_1.jnas.out -2044.66
/usr/users/chiaying/oneshot/jnas/oneshot/chosen_words/matched_gender/female/3/3_7_1.jnas.out -1996.94
/usr/users/chiaying/oneshot/jnas/oneshot/chosen_words/matched_gender/female/3/3_8_1.jnas.out -2027.56
/usr/users/chiaying/oneshot/jnas/oneshot/chosen_words/matched_gender/female/3/3_9_1.jnas.out -1823.38
