/usr/users/chiaying/oneshot/jnas/oneshot/chosen_words/matched_gender/female/3/3_17_1.jnas.out
6 71 36 52 85 86 39 91 
/usr/users/chiaying/oneshot/jnas/oneshot/chosen_words/matched_gender/female/3/3_10_2.jnas.out -2301.34
/usr/users/chiaying/oneshot/jnas/oneshot/chosen_words/matched_gender/female/3/3_11_2.jnas.out -2392.48
/usr/users/chiaying/oneshot/jnas/oneshot/chosen_words/matched_gender/female/3/3_12_2.jnas.out -2108.16
/usr/users/chiaying/oneshot/jnas/oneshot/chosen_words/matched_gender/female/3/3_13_2.jnas.out -2297.01
/usr/users/chiaying/oneshot/jnas/oneshot/chosen_words/matched_gender/female/3/3_14_2.jnas.out -2535.47
/usr/users/chiaying/oneshot/jnas/oneshot/chosen_words/matched_gender/female/3/3_15_2.jnas.out -2314.64
/usr/users/chiaying/oneshot/jnas/oneshot/chosen_words/matched_gender/female/3/3_16_2.jnas.out -2267.71
/usr/users/chiaying/oneshot/jnas/oneshot/chosen_words/matched_gender/female/3/3_17_2.jnas.out -2022.72
/usr/users/chiaying/oneshot/jnas/oneshot/chosen_words/matched_gender/female/3/3_18_2.jnas.out -2372.73
/usr/users/chiaying/oneshot/jnas/oneshot/chosen_words/matched_gender/female/3/3_19_2.jnas.out -2389.7
/usr/users/chiaying/oneshot/jnas/oneshot/chosen_words/matched_gender/female/3/3_1_2.jnas.out -2371.9
/usr/users/chiaying/oneshot/jnas/oneshot/chosen_words/matched_gender/female/3/3_20_2.jnas.out -2249.17
/usr/users/chiaying/oneshot/jnas/oneshot/chosen_words/matched_gender/female/3/3_2_2.jnas.out -2301.26
/usr/users/chiaying/oneshot/jnas/oneshot/chosen_words/matched_gender/female/3/3_3_2.jnas.out -2427.49
/usr/users/chiaying/oneshot/jnas/oneshot/chosen_words/matched_gender/female/3/3_4_2.jnas.out -2201.61
/usr/users/chiaying/oneshot/jnas/oneshot/chosen_words/matched_gender/female/3/3_5_2.jnas.out -2324.34
/usr/users/chiaying/oneshot/jnas/oneshot/chosen_words/matched_gender/female/3/3_6_2.jnas.out -2279.38
/usr/users/chiaying/oneshot/jnas/oneshot/chosen_words/matched_gender/female/3/3_7_2.jnas.out -2240.71
/usr/users/chiaying/oneshot/jnas/oneshot/chosen_words/matched_gender/female/3/3_8_2.jnas.out -2450.46
/usr/users/chiaying/oneshot/jnas/oneshot/chosen_words/matched_gender/female/3/3_9_2.jnas.out -2529.45
