/usr/users/chiaying/oneshot/jnas/oneshot/chosen_words/matched_gender/female/3/3_18_1.wsj.out
78 23 58 37 
/usr/users/chiaying/oneshot/jnas/oneshot/chosen_words/matched_gender/female/3/3_10_2.wsj.out -1793.13
/usr/users/chiaying/oneshot/jnas/oneshot/chosen_words/matched_gender/female/3/3_11_2.wsj.out -1871.17
/usr/users/chiaying/oneshot/jnas/oneshot/chosen_words/matched_gender/female/3/3_12_2.wsj.out -1697.59
/usr/users/chiaying/oneshot/jnas/oneshot/chosen_words/matched_gender/female/3/3_13_2.wsj.out -1722.01
/usr/users/chiaying/oneshot/jnas/oneshot/chosen_words/matched_gender/female/3/3_14_2.wsj.out -1920
/usr/users/chiaying/oneshot/jnas/oneshot/chosen_words/matched_gender/female/3/3_15_2.wsj.out -1737.57
/usr/users/chiaying/oneshot/jnas/oneshot/chosen_words/matched_gender/female/3/3_16_2.wsj.out -1803.91
/usr/users/chiaying/oneshot/jnas/oneshot/chosen_words/matched_gender/female/3/3_17_2.wsj.out -1723.5
/usr/users/chiaying/oneshot/jnas/oneshot/chosen_words/matched_gender/female/3/3_18_2.wsj.out -1849.93
/usr/users/chiaying/oneshot/jnas/oneshot/chosen_words/matched_gender/female/3/3_19_2.wsj.out -1893.87
/usr/users/chiaying/oneshot/jnas/oneshot/chosen_words/matched_gender/female/3/3_1_2.wsj.out -1980.65
/usr/users/chiaying/oneshot/jnas/oneshot/chosen_words/matched_gender/female/3/3_20_2.wsj.out -1768.3
/usr/users/chiaying/oneshot/jnas/oneshot/chosen_words/matched_gender/female/3/3_2_2.wsj.out -1802.33
/usr/users/chiaying/oneshot/jnas/oneshot/chosen_words/matched_gender/female/3/3_3_2.wsj.out -1923.08
/usr/users/chiaying/oneshot/jnas/oneshot/chosen_words/matched_gender/female/3/3_4_2.wsj.out -1823.08
/usr/users/chiaying/oneshot/jnas/oneshot/chosen_words/matched_gender/female/3/3_5_2.wsj.out -1877.79
/usr/users/chiaying/oneshot/jnas/oneshot/chosen_words/matched_gender/female/3/3_6_2.wsj.out -1921.7
/usr/users/chiaying/oneshot/jnas/oneshot/chosen_words/matched_gender/female/3/3_7_2.wsj.out -1656.34
/usr/users/chiaying/oneshot/jnas/oneshot/chosen_words/matched_gender/female/3/3_8_2.wsj.out -2052.29
/usr/users/chiaying/oneshot/jnas/oneshot/chosen_words/matched_gender/female/3/3_9_2.wsj.out -1927.57
