/usr/users/chiaying/oneshot/jnas/oneshot/chosen_words/matched_gender/female/3/3_3_1.wsj.out
11 55 65 85 
/usr/users/chiaying/oneshot/jnas/oneshot/chosen_words/matched_gender/female/3/3_10_2.wsj.out -2157.11
/usr/users/chiaying/oneshot/jnas/oneshot/chosen_words/matched_gender/female/3/3_11_2.wsj.out -2311.38
/usr/users/chiaying/oneshot/jnas/oneshot/chosen_words/matched_gender/female/3/3_12_2.wsj.out -2245.48
/usr/users/chiaying/oneshot/jnas/oneshot/chosen_words/matched_gender/female/3/3_13_2.wsj.out -2242.57
/usr/users/chiaying/oneshot/jnas/oneshot/chosen_words/matched_gender/female/3/3_14_2.wsj.out -2134.54
/usr/users/chiaying/oneshot/jnas/oneshot/chosen_words/matched_gender/female/3/3_15_2.wsj.out -2226.48
/usr/users/chiaying/oneshot/jnas/oneshot/chosen_words/matched_gender/female/3/3_16_2.wsj.out -2343.36
/usr/users/chiaying/oneshot/jnas/oneshot/chosen_words/matched_gender/female/3/3_17_2.wsj.out -2290.21
/usr/users/chiaying/oneshot/jnas/oneshot/chosen_words/matched_gender/female/3/3_18_2.wsj.out -2158.36
/usr/users/chiaying/oneshot/jnas/oneshot/chosen_words/matched_gender/female/3/3_19_2.wsj.out -2298.86
/usr/users/chiaying/oneshot/jnas/oneshot/chosen_words/matched_gender/female/3/3_1_2.wsj.out -2215.73
/usr/users/chiaying/oneshot/jnas/oneshot/chosen_words/matched_gender/female/3/3_20_2.wsj.out -2221.63
/usr/users/chiaying/oneshot/jnas/oneshot/chosen_words/matched_gender/female/3/3_2_2.wsj.out -2219.3
/usr/users/chiaying/oneshot/jnas/oneshot/chosen_words/matched_gender/female/3/3_3_2.wsj.out -2143.29
/usr/users/chiaying/oneshot/jnas/oneshot/chosen_words/matched_gender/female/3/3_4_2.wsj.out -2215.48
/usr/users/chiaying/oneshot/jnas/oneshot/chosen_words/matched_gender/female/3/3_5_2.wsj.out -2362.3
/usr/users/chiaying/oneshot/jnas/oneshot/chosen_words/matched_gender/female/3/3_6_2.wsj.out -2423.68
/usr/users/chiaying/oneshot/jnas/oneshot/chosen_words/matched_gender/female/3/3_7_2.wsj.out -2262.08
/usr/users/chiaying/oneshot/jnas/oneshot/chosen_words/matched_gender/female/3/3_8_2.wsj.out -2139.65
/usr/users/chiaying/oneshot/jnas/oneshot/chosen_words/matched_gender/female/3/3_9_2.wsj.out -2280.03
