/usr/users/chiaying/oneshot/jnas/oneshot/chosen_words/matched_gender/male/7/7_10_1.wsj.out
43 38 49 25 22 3 25 33 6 55 
/usr/users/chiaying/oneshot/jnas/oneshot/chosen_words/matched_gender/male/7/7_10_2.wsj.out -3881.18
/usr/users/chiaying/oneshot/jnas/oneshot/chosen_words/matched_gender/male/7/7_11_2.wsj.out -4219.22
/usr/users/chiaying/oneshot/jnas/oneshot/chosen_words/matched_gender/male/7/7_12_2.wsj.out -4639.17
/usr/users/chiaying/oneshot/jnas/oneshot/chosen_words/matched_gender/male/7/7_13_2.wsj.out -4377.85
/usr/users/chiaying/oneshot/jnas/oneshot/chosen_words/matched_gender/male/7/7_14_2.wsj.out -4524.95
/usr/users/chiaying/oneshot/jnas/oneshot/chosen_words/matched_gender/male/7/7_15_2.wsj.out -4410.46
/usr/users/chiaying/oneshot/jnas/oneshot/chosen_words/matched_gender/male/7/7_16_2.wsj.out -4320.13
/usr/users/chiaying/oneshot/jnas/oneshot/chosen_words/matched_gender/male/7/7_17_2.wsj.out -4331.08
/usr/users/chiaying/oneshot/jnas/oneshot/chosen_words/matched_gender/male/7/7_18_2.wsj.out -4304.53
/usr/users/chiaying/oneshot/jnas/oneshot/chosen_words/matched_gender/male/7/7_19_2.wsj.out -4319.86
/usr/users/chiaying/oneshot/jnas/oneshot/chosen_words/matched_gender/male/7/7_1_2.wsj.out -4043.4
/usr/users/chiaying/oneshot/jnas/oneshot/chosen_words/matched_gender/male/7/7_20_2.wsj.out -4257.76
/usr/users/chiaying/oneshot/jnas/oneshot/chosen_words/matched_gender/male/7/7_2_2.wsj.out -4461.52
/usr/users/chiaying/oneshot/jnas/oneshot/chosen_words/matched_gender/male/7/7_3_2.wsj.out -4181.13
/usr/users/chiaying/oneshot/jnas/oneshot/chosen_words/matched_gender/male/7/7_4_2.wsj.out -4405.89
/usr/users/chiaying/oneshot/jnas/oneshot/chosen_words/matched_gender/male/7/7_5_2.wsj.out -4321.87
/usr/users/chiaying/oneshot/jnas/oneshot/chosen_words/matched_gender/male/7/7_6_2.wsj.out -4368.48
/usr/users/chiaying/oneshot/jnas/oneshot/chosen_words/matched_gender/male/7/7_7_2.wsj.out -4294.75
/usr/users/chiaying/oneshot/jnas/oneshot/chosen_words/matched_gender/male/7/7_8_2.wsj.out -4215.71
/usr/users/chiaying/oneshot/jnas/oneshot/chosen_words/matched_gender/male/7/7_9_2.wsj.out -4333.51
