/usr/users/chiaying/oneshot/jnas/oneshot/chosen_words/matched_gender/male/7/7_11_2.wsj.out
70 80 49 8 86 90 19 42 55 96 60 
/usr/users/chiaying/oneshot/jnas/oneshot/chosen_words/matched_gender/male/7/7_10_1.wsj.out -4381.76
/usr/users/chiaying/oneshot/jnas/oneshot/chosen_words/matched_gender/male/7/7_11_1.wsj.out -4242.09
/usr/users/chiaying/oneshot/jnas/oneshot/chosen_words/matched_gender/male/7/7_12_1.wsj.out -4441.86
/usr/users/chiaying/oneshot/jnas/oneshot/chosen_words/matched_gender/male/7/7_13_1.wsj.out -4536.99
/usr/users/chiaying/oneshot/jnas/oneshot/chosen_words/matched_gender/male/7/7_14_1.wsj.out -4482.89
/usr/users/chiaying/oneshot/jnas/oneshot/chosen_words/matched_gender/male/7/7_15_1.wsj.out -4653.95
/usr/users/chiaying/oneshot/jnas/oneshot/chosen_words/matched_gender/male/7/7_16_1.wsj.out -4442.99
/usr/users/chiaying/oneshot/jnas/oneshot/chosen_words/matched_gender/male/7/7_17_1.wsj.out -4702.31
/usr/users/chiaying/oneshot/jnas/oneshot/chosen_words/matched_gender/male/7/7_18_1.wsj.out -4631.96
/usr/users/chiaying/oneshot/jnas/oneshot/chosen_words/matched_gender/male/7/7_19_1.wsj.out -4622.38
/usr/users/chiaying/oneshot/jnas/oneshot/chosen_words/matched_gender/male/7/7_1_1.wsj.out -4520.18
/usr/users/chiaying/oneshot/jnas/oneshot/chosen_words/matched_gender/male/7/7_20_1.wsj.out -4641.77
/usr/users/chiaying/oneshot/jnas/oneshot/chosen_words/matched_gender/male/7/7_2_1.wsj.out -4631.63
/usr/users/chiaying/oneshot/jnas/oneshot/chosen_words/matched_gender/male/7/7_3_1.wsj.out -4497.55
/usr/users/chiaying/oneshot/jnas/oneshot/chosen_words/matched_gender/male/7/7_4_1.wsj.out -4462.66
/usr/users/chiaying/oneshot/jnas/oneshot/chosen_words/matched_gender/male/7/7_5_1.wsj.out -4344.26
/usr/users/chiaying/oneshot/jnas/oneshot/chosen_words/matched_gender/male/7/7_6_1.wsj.out -4432.22
/usr/users/chiaying/oneshot/jnas/oneshot/chosen_words/matched_gender/male/7/7_7_1.wsj.out -4227.56
/usr/users/chiaying/oneshot/jnas/oneshot/chosen_words/matched_gender/male/7/7_8_1.wsj.out -4563.66
/usr/users/chiaying/oneshot/jnas/oneshot/chosen_words/matched_gender/male/7/7_9_1.wsj.out -4564.08
