/usr/users/chiaying/oneshot/jnas/oneshot/chosen_words/matched_gender/male/7/7_16_1.jnas.out
22 88 79 38 18 11 38 33 89 72 60 17 80 94 15 21 88 79 38 
/usr/users/chiaying/oneshot/jnas/oneshot/chosen_words/matched_gender/male/7/7_10_2.jnas.out -5698.69
/usr/users/chiaying/oneshot/jnas/oneshot/chosen_words/matched_gender/male/7/7_11_2.jnas.out -5883.15
/usr/users/chiaying/oneshot/jnas/oneshot/chosen_words/matched_gender/male/7/7_12_2.jnas.out -5854.24
/usr/users/chiaying/oneshot/jnas/oneshot/chosen_words/matched_gender/male/7/7_13_2.jnas.out -5954.41
/usr/users/chiaying/oneshot/jnas/oneshot/chosen_words/matched_gender/male/7/7_14_2.jnas.out -5644.17
/usr/users/chiaying/oneshot/jnas/oneshot/chosen_words/matched_gender/male/7/7_15_2.jnas.out -5301.67
/usr/users/chiaying/oneshot/jnas/oneshot/chosen_words/matched_gender/male/7/7_16_2.jnas.out -5073.49
/usr/users/chiaying/oneshot/jnas/oneshot/chosen_words/matched_gender/male/7/7_17_2.jnas.out -5730.78
/usr/users/chiaying/oneshot/jnas/oneshot/chosen_words/matched_gender/male/7/7_18_2.jnas.out -5824.21
/usr/users/chiaying/oneshot/jnas/oneshot/chosen_words/matched_gender/male/7/7_19_2.jnas.out -5833.91
/usr/users/chiaying/oneshot/jnas/oneshot/chosen_words/matched_gender/male/7/7_1_2.jnas.out -5770.33
/usr/users/chiaying/oneshot/jnas/oneshot/chosen_words/matched_gender/male/7/7_20_2.jnas.out -5773.39
/usr/users/chiaying/oneshot/jnas/oneshot/chosen_words/matched_gender/male/7/7_2_2.jnas.out -5438.12
/usr/users/chiaying/oneshot/jnas/oneshot/chosen_words/matched_gender/male/7/7_3_2.jnas.out -6183.15
/usr/users/chiaying/oneshot/jnas/oneshot/chosen_words/matched_gender/male/7/7_4_2.jnas.out -5715.31
/usr/users/chiaying/oneshot/jnas/oneshot/chosen_words/matched_gender/male/7/7_5_2.jnas.out -5307.79
/usr/users/chiaying/oneshot/jnas/oneshot/chosen_words/matched_gender/male/7/7_6_2.jnas.out -5940.68
/usr/users/chiaying/oneshot/jnas/oneshot/chosen_words/matched_gender/male/7/7_7_2.jnas.out -5596.1
/usr/users/chiaying/oneshot/jnas/oneshot/chosen_words/matched_gender/male/7/7_8_2.jnas.out -5920.24
/usr/users/chiaying/oneshot/jnas/oneshot/chosen_words/matched_gender/male/7/7_9_2.jnas.out -5815.5
