/usr/users/chiaying/oneshot/jnas/oneshot/chosen_words/matched_gender/male/7/7_18_1.jnas.out
88 40 74 41 78 15 26 55 28 90 86 66 91 97 25 61 95 1 50 
/usr/users/chiaying/oneshot/jnas/oneshot/chosen_words/matched_gender/male/7/7_10_2.jnas.out -4951.42
/usr/users/chiaying/oneshot/jnas/oneshot/chosen_words/matched_gender/male/7/7_11_2.jnas.out -5083.63
/usr/users/chiaying/oneshot/jnas/oneshot/chosen_words/matched_gender/male/7/7_12_2.jnas.out -5129.58
/usr/users/chiaying/oneshot/jnas/oneshot/chosen_words/matched_gender/male/7/7_13_2.jnas.out -5104.31
/usr/users/chiaying/oneshot/jnas/oneshot/chosen_words/matched_gender/male/7/7_14_2.jnas.out -5058.39
/usr/users/chiaying/oneshot/jnas/oneshot/chosen_words/matched_gender/male/7/7_15_2.jnas.out -4907.1
/usr/users/chiaying/oneshot/jnas/oneshot/chosen_words/matched_gender/male/7/7_16_2.jnas.out -4936.43
/usr/users/chiaying/oneshot/jnas/oneshot/chosen_words/matched_gender/male/7/7_17_2.jnas.out -4921.83
/usr/users/chiaying/oneshot/jnas/oneshot/chosen_words/matched_gender/male/7/7_18_2.jnas.out -4775.78
/usr/users/chiaying/oneshot/jnas/oneshot/chosen_words/matched_gender/male/7/7_19_2.jnas.out -5274.67
/usr/users/chiaying/oneshot/jnas/oneshot/chosen_words/matched_gender/male/7/7_1_2.jnas.out -5031.69
/usr/users/chiaying/oneshot/jnas/oneshot/chosen_words/matched_gender/male/7/7_20_2.jnas.out -4905.39
/usr/users/chiaying/oneshot/jnas/oneshot/chosen_words/matched_gender/male/7/7_2_2.jnas.out -5107.52
/usr/users/chiaying/oneshot/jnas/oneshot/chosen_words/matched_gender/male/7/7_3_2.jnas.out -5267.64
/usr/users/chiaying/oneshot/jnas/oneshot/chosen_words/matched_gender/male/7/7_4_2.jnas.out -5153.14
/usr/users/chiaying/oneshot/jnas/oneshot/chosen_words/matched_gender/male/7/7_5_2.jnas.out -4969.86
/usr/users/chiaying/oneshot/jnas/oneshot/chosen_words/matched_gender/male/7/7_6_2.jnas.out -5012.97
/usr/users/chiaying/oneshot/jnas/oneshot/chosen_words/matched_gender/male/7/7_7_2.jnas.out -5079.88
/usr/users/chiaying/oneshot/jnas/oneshot/chosen_words/matched_gender/male/7/7_8_2.jnas.out -5143.96
/usr/users/chiaying/oneshot/jnas/oneshot/chosen_words/matched_gender/male/7/7_9_2.jnas.out -5244.08
