/usr/users/chiaying/oneshot/jnas/oneshot/chosen_words/matched_gender/male/7/7_1_2.jnas.out
57 8 89 66 1 8 89 66 60 58 
/usr/users/chiaying/oneshot/jnas/oneshot/chosen_words/matched_gender/male/7/7_10_1.jnas.out -2697.1
/usr/users/chiaying/oneshot/jnas/oneshot/chosen_words/matched_gender/male/7/7_11_1.jnas.out -2948.48
/usr/users/chiaying/oneshot/jnas/oneshot/chosen_words/matched_gender/male/7/7_12_1.jnas.out -2996.53
/usr/users/chiaying/oneshot/jnas/oneshot/chosen_words/matched_gender/male/7/7_13_1.jnas.out -2963.67
/usr/users/chiaying/oneshot/jnas/oneshot/chosen_words/matched_gender/male/7/7_14_1.jnas.out -3042.28
/usr/users/chiaying/oneshot/jnas/oneshot/chosen_words/matched_gender/male/7/7_15_1.jnas.out -2941.74
/usr/users/chiaying/oneshot/jnas/oneshot/chosen_words/matched_gender/male/7/7_16_1.jnas.out -2811.24
/usr/users/chiaying/oneshot/jnas/oneshot/chosen_words/matched_gender/male/7/7_17_1.jnas.out -2790.98
/usr/users/chiaying/oneshot/jnas/oneshot/chosen_words/matched_gender/male/7/7_18_1.jnas.out -2753.78
/usr/users/chiaying/oneshot/jnas/oneshot/chosen_words/matched_gender/male/7/7_19_1.jnas.out -2870.95
/usr/users/chiaying/oneshot/jnas/oneshot/chosen_words/matched_gender/male/7/7_1_1.jnas.out -2513.85
/usr/users/chiaying/oneshot/jnas/oneshot/chosen_words/matched_gender/male/7/7_20_1.jnas.out -2912.05
/usr/users/chiaying/oneshot/jnas/oneshot/chosen_words/matched_gender/male/7/7_2_1.jnas.out -2913.34
/usr/users/chiaying/oneshot/jnas/oneshot/chosen_words/matched_gender/male/7/7_3_1.jnas.out -2855.02
/usr/users/chiaying/oneshot/jnas/oneshot/chosen_words/matched_gender/male/7/7_4_1.jnas.out -3220.51
/usr/users/chiaying/oneshot/jnas/oneshot/chosen_words/matched_gender/male/7/7_5_1.jnas.out -2822.92
/usr/users/chiaying/oneshot/jnas/oneshot/chosen_words/matched_gender/male/7/7_6_1.jnas.out -2572.67
/usr/users/chiaying/oneshot/jnas/oneshot/chosen_words/matched_gender/male/7/7_7_1.jnas.out -2947.49
/usr/users/chiaying/oneshot/jnas/oneshot/chosen_words/matched_gender/male/7/7_8_1.jnas.out -2967.95
/usr/users/chiaying/oneshot/jnas/oneshot/chosen_words/matched_gender/male/7/7_9_1.jnas.out -2804.29
