/usr/users/chiaying/oneshot/jnas/oneshot/chosen_words/matched_gender/female/4/4_10_2.wsj.out
8 33 56 47 13 1 8 37 55 
/usr/users/chiaying/oneshot/jnas/oneshot/chosen_words/matched_gender/female/4/4_10_1.wsj.out -2687.28
/usr/users/chiaying/oneshot/jnas/oneshot/chosen_words/matched_gender/female/4/4_11_1.wsj.out -2807.27
/usr/users/chiaying/oneshot/jnas/oneshot/chosen_words/matched_gender/female/4/4_12_1.wsj.out -2891.53
/usr/users/chiaying/oneshot/jnas/oneshot/chosen_words/matched_gender/female/4/4_13_1.wsj.out -2898.5
/usr/users/chiaying/oneshot/jnas/oneshot/chosen_words/matched_gender/female/4/4_14_1.wsj.out -2825.36
/usr/users/chiaying/oneshot/jnas/oneshot/chosen_words/matched_gender/female/4/4_15_1.wsj.out -2768.19
/usr/users/chiaying/oneshot/jnas/oneshot/chosen_words/matched_gender/female/4/4_16_1.wsj.out -2840.39
/usr/users/chiaying/oneshot/jnas/oneshot/chosen_words/matched_gender/female/4/4_17_1.wsj.out -2825.68
/usr/users/chiaying/oneshot/jnas/oneshot/chosen_words/matched_gender/female/4/4_18_1.wsj.out -2906.45
/usr/users/chiaying/oneshot/jnas/oneshot/chosen_words/matched_gender/female/4/4_19_1.wsj.out -2800.55
/usr/users/chiaying/oneshot/jnas/oneshot/chosen_words/matched_gender/female/4/4_1_1.wsj.out -2893.75
/usr/users/chiaying/oneshot/jnas/oneshot/chosen_words/matched_gender/female/4/4_20_1.wsj.out -2913.39
/usr/users/chiaying/oneshot/jnas/oneshot/chosen_words/matched_gender/female/4/4_2_1.wsj.out -2858.81
/usr/users/chiaying/oneshot/jnas/oneshot/chosen_words/matched_gender/female/4/4_3_1.wsj.out -2781.8
/usr/users/chiaying/oneshot/jnas/oneshot/chosen_words/matched_gender/female/4/4_4_1.wsj.out -2895
/usr/users/chiaying/oneshot/jnas/oneshot/chosen_words/matched_gender/female/4/4_5_1.wsj.out -2912.48
/usr/users/chiaying/oneshot/jnas/oneshot/chosen_words/matched_gender/female/4/4_6_1.wsj.out -2671.85
/usr/users/chiaying/oneshot/jnas/oneshot/chosen_words/matched_gender/female/4/4_7_1.wsj.out -2809.41
/usr/users/chiaying/oneshot/jnas/oneshot/chosen_words/matched_gender/female/4/4_8_1.wsj.out -2892.2
/usr/users/chiaying/oneshot/jnas/oneshot/chosen_words/matched_gender/female/4/4_9_1.wsj.out -2895.21
