/usr/users/chiaying/oneshot/jnas/oneshot/chosen_words/matched_gender/female/4/4_12_2.wsj.out
26 40 14 11 1 17 74 5 
/usr/users/chiaying/oneshot/jnas/oneshot/chosen_words/matched_gender/female/4/4_10_1.wsj.out -3204.69
/usr/users/chiaying/oneshot/jnas/oneshot/chosen_words/matched_gender/female/4/4_11_1.wsj.out -3056.17
/usr/users/chiaying/oneshot/jnas/oneshot/chosen_words/matched_gender/female/4/4_12_1.wsj.out -2859.02
/usr/users/chiaying/oneshot/jnas/oneshot/chosen_words/matched_gender/female/4/4_13_1.wsj.out -3304.74
/usr/users/chiaying/oneshot/jnas/oneshot/chosen_words/matched_gender/female/4/4_14_1.wsj.out -3272.12
/usr/users/chiaying/oneshot/jnas/oneshot/chosen_words/matched_gender/female/4/4_15_1.wsj.out -3243.16
/usr/users/chiaying/oneshot/jnas/oneshot/chosen_words/matched_gender/female/4/4_16_1.wsj.out -3272.07
/usr/users/chiaying/oneshot/jnas/oneshot/chosen_words/matched_gender/female/4/4_17_1.wsj.out -3135.41
/usr/users/chiaying/oneshot/jnas/oneshot/chosen_words/matched_gender/female/4/4_18_1.wsj.out -3095.24
/usr/users/chiaying/oneshot/jnas/oneshot/chosen_words/matched_gender/female/4/4_19_1.wsj.out -3233.01
/usr/users/chiaying/oneshot/jnas/oneshot/chosen_words/matched_gender/female/4/4_1_1.wsj.out -3144.88
/usr/users/chiaying/oneshot/jnas/oneshot/chosen_words/matched_gender/female/4/4_20_1.wsj.out -3299.11
/usr/users/chiaying/oneshot/jnas/oneshot/chosen_words/matched_gender/female/4/4_2_1.wsj.out -3265.39
/usr/users/chiaying/oneshot/jnas/oneshot/chosen_words/matched_gender/female/4/4_3_1.wsj.out -3322.25
/usr/users/chiaying/oneshot/jnas/oneshot/chosen_words/matched_gender/female/4/4_4_1.wsj.out -3112.15
/usr/users/chiaying/oneshot/jnas/oneshot/chosen_words/matched_gender/female/4/4_5_1.wsj.out -3400.43
/usr/users/chiaying/oneshot/jnas/oneshot/chosen_words/matched_gender/female/4/4_6_1.wsj.out -3271.27
/usr/users/chiaying/oneshot/jnas/oneshot/chosen_words/matched_gender/female/4/4_7_1.wsj.out -3491.35
/usr/users/chiaying/oneshot/jnas/oneshot/chosen_words/matched_gender/female/4/4_8_1.wsj.out -3182.44
/usr/users/chiaying/oneshot/jnas/oneshot/chosen_words/matched_gender/female/4/4_9_1.wsj.out -3311.92
