/usr/users/chiaying/oneshot/jnas/oneshot/chosen_words/matched_gender/female/4/4_5_1.wsj.out
84 16 17 74 41 25 32 
/usr/users/chiaying/oneshot/jnas/oneshot/chosen_words/matched_gender/female/4/4_10_2.wsj.out -2182.21
/usr/users/chiaying/oneshot/jnas/oneshot/chosen_words/matched_gender/female/4/4_11_2.wsj.out -2306.56
/usr/users/chiaying/oneshot/jnas/oneshot/chosen_words/matched_gender/female/4/4_12_2.wsj.out -2337.42
/usr/users/chiaying/oneshot/jnas/oneshot/chosen_words/matched_gender/female/4/4_13_2.wsj.out -2352.91
/usr/users/chiaying/oneshot/jnas/oneshot/chosen_words/matched_gender/female/4/4_14_2.wsj.out -2225.78
/usr/users/chiaying/oneshot/jnas/oneshot/chosen_words/matched_gender/female/4/4_15_2.wsj.out -2076.47
/usr/users/chiaying/oneshot/jnas/oneshot/chosen_words/matched_gender/female/4/4_16_2.wsj.out -2268.61
/usr/users/chiaying/oneshot/jnas/oneshot/chosen_words/matched_gender/female/4/4_17_2.wsj.out -2294.11
/usr/users/chiaying/oneshot/jnas/oneshot/chosen_words/matched_gender/female/4/4_18_2.wsj.out -2373.25
/usr/users/chiaying/oneshot/jnas/oneshot/chosen_words/matched_gender/female/4/4_19_2.wsj.out -2400.46
/usr/users/chiaying/oneshot/jnas/oneshot/chosen_words/matched_gender/female/4/4_1_2.wsj.out -2351.85
/usr/users/chiaying/oneshot/jnas/oneshot/chosen_words/matched_gender/female/4/4_20_2.wsj.out -2291.92
/usr/users/chiaying/oneshot/jnas/oneshot/chosen_words/matched_gender/female/4/4_2_2.wsj.out -2385.65
/usr/users/chiaying/oneshot/jnas/oneshot/chosen_words/matched_gender/female/4/4_3_2.wsj.out -2361.82
/usr/users/chiaying/oneshot/jnas/oneshot/chosen_words/matched_gender/female/4/4_4_2.wsj.out -2376.78
/usr/users/chiaying/oneshot/jnas/oneshot/chosen_words/matched_gender/female/4/4_5_2.wsj.out -2134.08
/usr/users/chiaying/oneshot/jnas/oneshot/chosen_words/matched_gender/female/4/4_6_2.wsj.out -2264.01
/usr/users/chiaying/oneshot/jnas/oneshot/chosen_words/matched_gender/female/4/4_7_2.wsj.out -2350.4
/usr/users/chiaying/oneshot/jnas/oneshot/chosen_words/matched_gender/female/4/4_8_2.wsj.out -2349.78
/usr/users/chiaying/oneshot/jnas/oneshot/chosen_words/matched_gender/female/4/4_9_2.wsj.out -2444.63
