/usr/users/chiaying/oneshot/jnas/oneshot/chosen_words/matched_gender/female/4/4_7_1.wsj.out
15 23 58 37 22 20 
/usr/users/chiaying/oneshot/jnas/oneshot/chosen_words/matched_gender/female/4/4_10_2.wsj.out -3090.02
/usr/users/chiaying/oneshot/jnas/oneshot/chosen_words/matched_gender/female/4/4_11_2.wsj.out -3209.19
/usr/users/chiaying/oneshot/jnas/oneshot/chosen_words/matched_gender/female/4/4_12_2.wsj.out -3101.83
/usr/users/chiaying/oneshot/jnas/oneshot/chosen_words/matched_gender/female/4/4_13_2.wsj.out -3170.69
/usr/users/chiaying/oneshot/jnas/oneshot/chosen_words/matched_gender/female/4/4_14_2.wsj.out -3153.65
/usr/users/chiaying/oneshot/jnas/oneshot/chosen_words/matched_gender/female/4/4_15_2.wsj.out -2975.55
/usr/users/chiaying/oneshot/jnas/oneshot/chosen_words/matched_gender/female/4/4_16_2.wsj.out -3009.55
/usr/users/chiaying/oneshot/jnas/oneshot/chosen_words/matched_gender/female/4/4_17_2.wsj.out -2916.53
/usr/users/chiaying/oneshot/jnas/oneshot/chosen_words/matched_gender/female/4/4_18_2.wsj.out -3026.52
/usr/users/chiaying/oneshot/jnas/oneshot/chosen_words/matched_gender/female/4/4_19_2.wsj.out -2974.76
/usr/users/chiaying/oneshot/jnas/oneshot/chosen_words/matched_gender/female/4/4_1_2.wsj.out -2896.53
/usr/users/chiaying/oneshot/jnas/oneshot/chosen_words/matched_gender/female/4/4_20_2.wsj.out -3032.6
/usr/users/chiaying/oneshot/jnas/oneshot/chosen_words/matched_gender/female/4/4_2_2.wsj.out -3104.72
/usr/users/chiaying/oneshot/jnas/oneshot/chosen_words/matched_gender/female/4/4_3_2.wsj.out -3000.95
/usr/users/chiaying/oneshot/jnas/oneshot/chosen_words/matched_gender/female/4/4_4_2.wsj.out -3126.68
/usr/users/chiaying/oneshot/jnas/oneshot/chosen_words/matched_gender/female/4/4_5_2.wsj.out -3272.41
/usr/users/chiaying/oneshot/jnas/oneshot/chosen_words/matched_gender/female/4/4_6_2.wsj.out -2931.48
/usr/users/chiaying/oneshot/jnas/oneshot/chosen_words/matched_gender/female/4/4_7_2.wsj.out -2822.43
/usr/users/chiaying/oneshot/jnas/oneshot/chosen_words/matched_gender/female/4/4_8_2.wsj.out -3046.9
/usr/users/chiaying/oneshot/jnas/oneshot/chosen_words/matched_gender/female/4/4_9_2.wsj.out -2990.02
