/usr/users/chiaying/oneshot/jnas/oneshot/chosen_words/matched_gender/female/4/4_8_2.wsj.out
40 14 94 44 23 14 
/usr/users/chiaying/oneshot/jnas/oneshot/chosen_words/matched_gender/female/4/4_10_1.wsj.out -2924.56
/usr/users/chiaying/oneshot/jnas/oneshot/chosen_words/matched_gender/female/4/4_11_1.wsj.out -3110.56
/usr/users/chiaying/oneshot/jnas/oneshot/chosen_words/matched_gender/female/4/4_12_1.wsj.out -2779.43
/usr/users/chiaying/oneshot/jnas/oneshot/chosen_words/matched_gender/female/4/4_13_1.wsj.out -2886.79
/usr/users/chiaying/oneshot/jnas/oneshot/chosen_words/matched_gender/female/4/4_14_1.wsj.out -2883.22
/usr/users/chiaying/oneshot/jnas/oneshot/chosen_words/matched_gender/female/4/4_15_1.wsj.out -3228.89
/usr/users/chiaying/oneshot/jnas/oneshot/chosen_words/matched_gender/female/4/4_16_1.wsj.out -2970.81
/usr/users/chiaying/oneshot/jnas/oneshot/chosen_words/matched_gender/female/4/4_17_1.wsj.out -3103.31
/usr/users/chiaying/oneshot/jnas/oneshot/chosen_words/matched_gender/female/4/4_18_1.wsj.out -2667.07
/usr/users/chiaying/oneshot/jnas/oneshot/chosen_words/matched_gender/female/4/4_19_1.wsj.out -2774.88
/usr/users/chiaying/oneshot/jnas/oneshot/chosen_words/matched_gender/female/4/4_1_1.wsj.out -2923.94
/usr/users/chiaying/oneshot/jnas/oneshot/chosen_words/matched_gender/female/4/4_20_1.wsj.out -2956.58
/usr/users/chiaying/oneshot/jnas/oneshot/chosen_words/matched_gender/female/4/4_2_1.wsj.out -2909.04
/usr/users/chiaying/oneshot/jnas/oneshot/chosen_words/matched_gender/female/4/4_3_1.wsj.out -2926.34
/usr/users/chiaying/oneshot/jnas/oneshot/chosen_words/matched_gender/female/4/4_4_1.wsj.out -3047.62
/usr/users/chiaying/oneshot/jnas/oneshot/chosen_words/matched_gender/female/4/4_5_1.wsj.out -3144.75
/usr/users/chiaying/oneshot/jnas/oneshot/chosen_words/matched_gender/female/4/4_6_1.wsj.out -2878.81
/usr/users/chiaying/oneshot/jnas/oneshot/chosen_words/matched_gender/female/4/4_7_1.wsj.out -3098.23
/usr/users/chiaying/oneshot/jnas/oneshot/chosen_words/matched_gender/female/4/4_8_1.wsj.out -2562.59
/usr/users/chiaying/oneshot/jnas/oneshot/chosen_words/matched_gender/female/4/4_9_1.wsj.out -2817.29
