/usr/users/chiaying/oneshot/jnas/oneshot/chosen_words/matched_gender/male/4/4_16_1.jnas.out
54 90 77 79 80 43 47 
/usr/users/chiaying/oneshot/jnas/oneshot/chosen_words/matched_gender/male/4/4_10_2.jnas.out -1632.79
/usr/users/chiaying/oneshot/jnas/oneshot/chosen_words/matched_gender/male/4/4_11_2.jnas.out -1707.37
/usr/users/chiaying/oneshot/jnas/oneshot/chosen_words/matched_gender/male/4/4_12_2.jnas.out -1688.33
/usr/users/chiaying/oneshot/jnas/oneshot/chosen_words/matched_gender/male/4/4_13_2.jnas.out -1413.8
/usr/users/chiaying/oneshot/jnas/oneshot/chosen_words/matched_gender/male/4/4_14_2.jnas.out -1693.82
/usr/users/chiaying/oneshot/jnas/oneshot/chosen_words/matched_gender/male/4/4_15_2.jnas.out -1522.32
/usr/users/chiaying/oneshot/jnas/oneshot/chosen_words/matched_gender/male/4/4_16_2.jnas.out -1396.45
/usr/users/chiaying/oneshot/jnas/oneshot/chosen_words/matched_gender/male/4/4_17_2.jnas.out -1623.09
/usr/users/chiaying/oneshot/jnas/oneshot/chosen_words/matched_gender/male/4/4_18_2.jnas.out -1571.86
/usr/users/chiaying/oneshot/jnas/oneshot/chosen_words/matched_gender/male/4/4_19_2.jnas.out -1681.6
/usr/users/chiaying/oneshot/jnas/oneshot/chosen_words/matched_gender/male/4/4_1_2.jnas.out -1678.42
/usr/users/chiaying/oneshot/jnas/oneshot/chosen_words/matched_gender/male/4/4_20_2.jnas.out -1639.21
/usr/users/chiaying/oneshot/jnas/oneshot/chosen_words/matched_gender/male/4/4_2_2.jnas.out -1555.01
/usr/users/chiaying/oneshot/jnas/oneshot/chosen_words/matched_gender/male/4/4_3_2.jnas.out -1706.26
/usr/users/chiaying/oneshot/jnas/oneshot/chosen_words/matched_gender/male/4/4_4_2.jnas.out -1629.8
/usr/users/chiaying/oneshot/jnas/oneshot/chosen_words/matched_gender/male/4/4_5_2.jnas.out -1512.3
/usr/users/chiaying/oneshot/jnas/oneshot/chosen_words/matched_gender/male/4/4_6_2.jnas.out -1704.83
/usr/users/chiaying/oneshot/jnas/oneshot/chosen_words/matched_gender/male/4/4_7_2.jnas.out -1689.98
/usr/users/chiaying/oneshot/jnas/oneshot/chosen_words/matched_gender/male/4/4_8_2.jnas.out -1544.73
/usr/users/chiaying/oneshot/jnas/oneshot/chosen_words/matched_gender/male/4/4_9_2.jnas.out -1620.4
