/usr/users/chiaying/oneshot/jnas/oneshot/chosen_words/matched_gender/male/4/4_16_2.jnas.out
28 63 11 18 80 43 47 
/usr/users/chiaying/oneshot/jnas/oneshot/chosen_words/matched_gender/male/4/4_10_1.jnas.out -1780.64
/usr/users/chiaying/oneshot/jnas/oneshot/chosen_words/matched_gender/male/4/4_11_1.jnas.out -1901.12
/usr/users/chiaying/oneshot/jnas/oneshot/chosen_words/matched_gender/male/4/4_12_1.jnas.out -1864.97
/usr/users/chiaying/oneshot/jnas/oneshot/chosen_words/matched_gender/male/4/4_13_1.jnas.out -1730.23
/usr/users/chiaying/oneshot/jnas/oneshot/chosen_words/matched_gender/male/4/4_14_1.jnas.out -1932.91
/usr/users/chiaying/oneshot/jnas/oneshot/chosen_words/matched_gender/male/4/4_15_1.jnas.out -1749.6
/usr/users/chiaying/oneshot/jnas/oneshot/chosen_words/matched_gender/male/4/4_16_1.jnas.out -1688.7
/usr/users/chiaying/oneshot/jnas/oneshot/chosen_words/matched_gender/male/4/4_17_1.jnas.out -1707.98
/usr/users/chiaying/oneshot/jnas/oneshot/chosen_words/matched_gender/male/4/4_18_1.jnas.out -1915.35
/usr/users/chiaying/oneshot/jnas/oneshot/chosen_words/matched_gender/male/4/4_19_1.jnas.out -1865.72
/usr/users/chiaying/oneshot/jnas/oneshot/chosen_words/matched_gender/male/4/4_1_1.jnas.out -1988.36
/usr/users/chiaying/oneshot/jnas/oneshot/chosen_words/matched_gender/male/4/4_20_1.jnas.out -1932.47
/usr/users/chiaying/oneshot/jnas/oneshot/chosen_words/matched_gender/male/4/4_2_1.jnas.out -1695.23
/usr/users/chiaying/oneshot/jnas/oneshot/chosen_words/matched_gender/male/4/4_3_1.jnas.out -1813.34
/usr/users/chiaying/oneshot/jnas/oneshot/chosen_words/matched_gender/male/4/4_4_1.jnas.out -2048.99
/usr/users/chiaying/oneshot/jnas/oneshot/chosen_words/matched_gender/male/4/4_5_1.jnas.out -1671.88
/usr/users/chiaying/oneshot/jnas/oneshot/chosen_words/matched_gender/male/4/4_6_1.jnas.out -2108.33
/usr/users/chiaying/oneshot/jnas/oneshot/chosen_words/matched_gender/male/4/4_7_1.jnas.out -1953.95
/usr/users/chiaying/oneshot/jnas/oneshot/chosen_words/matched_gender/male/4/4_8_1.jnas.out -1791.74
/usr/users/chiaying/oneshot/jnas/oneshot/chosen_words/matched_gender/male/4/4_9_1.jnas.out -1923.54
