/usr/users/chiaying/oneshot/jnas/oneshot/chosen_words/matched_gender/male/4/4_17_1.wsj.out
59 57 94 86 10 
/usr/users/chiaying/oneshot/jnas/oneshot/chosen_words/matched_gender/male/4/4_10_2.wsj.out -2809.59
/usr/users/chiaying/oneshot/jnas/oneshot/chosen_words/matched_gender/male/4/4_11_2.wsj.out -2793.74
/usr/users/chiaying/oneshot/jnas/oneshot/chosen_words/matched_gender/male/4/4_12_2.wsj.out -2750.25
/usr/users/chiaying/oneshot/jnas/oneshot/chosen_words/matched_gender/male/4/4_13_2.wsj.out -2673.85
/usr/users/chiaying/oneshot/jnas/oneshot/chosen_words/matched_gender/male/4/4_14_2.wsj.out -2677.65
/usr/users/chiaying/oneshot/jnas/oneshot/chosen_words/matched_gender/male/4/4_15_2.wsj.out -2519.14
/usr/users/chiaying/oneshot/jnas/oneshot/chosen_words/matched_gender/male/4/4_16_2.wsj.out -2653.26
/usr/users/chiaying/oneshot/jnas/oneshot/chosen_words/matched_gender/male/4/4_17_2.wsj.out -2452.35
/usr/users/chiaying/oneshot/jnas/oneshot/chosen_words/matched_gender/male/4/4_18_2.wsj.out -2729.6
/usr/users/chiaying/oneshot/jnas/oneshot/chosen_words/matched_gender/male/4/4_19_2.wsj.out -2671.21
/usr/users/chiaying/oneshot/jnas/oneshot/chosen_words/matched_gender/male/4/4_1_2.wsj.out -2844.78
/usr/users/chiaying/oneshot/jnas/oneshot/chosen_words/matched_gender/male/4/4_20_2.wsj.out -2673.25
/usr/users/chiaying/oneshot/jnas/oneshot/chosen_words/matched_gender/male/4/4_2_2.wsj.out -2729.73
/usr/users/chiaying/oneshot/jnas/oneshot/chosen_words/matched_gender/male/4/4_3_2.wsj.out -2687.87
/usr/users/chiaying/oneshot/jnas/oneshot/chosen_words/matched_gender/male/4/4_4_2.wsj.out -2585.1
/usr/users/chiaying/oneshot/jnas/oneshot/chosen_words/matched_gender/male/4/4_5_2.wsj.out -2604.6
/usr/users/chiaying/oneshot/jnas/oneshot/chosen_words/matched_gender/male/4/4_6_2.wsj.out -2709.16
/usr/users/chiaying/oneshot/jnas/oneshot/chosen_words/matched_gender/male/4/4_7_2.wsj.out -2670.94
/usr/users/chiaying/oneshot/jnas/oneshot/chosen_words/matched_gender/male/4/4_8_2.wsj.out -2608.72
/usr/users/chiaying/oneshot/jnas/oneshot/chosen_words/matched_gender/male/4/4_9_2.wsj.out -2692.18
