/usr/users/chiaying/oneshot/jnas/oneshot/chosen_words/matched_gender/male/4/4_4_1.jnas.out
77 14 89 72 60 40 89 72 60 7 
/usr/users/chiaying/oneshot/jnas/oneshot/chosen_words/matched_gender/male/4/4_10_2.jnas.out -3172.12
/usr/users/chiaying/oneshot/jnas/oneshot/chosen_words/matched_gender/male/4/4_11_2.jnas.out -2916.42
/usr/users/chiaying/oneshot/jnas/oneshot/chosen_words/matched_gender/male/4/4_12_2.jnas.out -2974.97
/usr/users/chiaying/oneshot/jnas/oneshot/chosen_words/matched_gender/male/4/4_13_2.jnas.out -3141.78
/usr/users/chiaying/oneshot/jnas/oneshot/chosen_words/matched_gender/male/4/4_14_2.jnas.out -3053.92
/usr/users/chiaying/oneshot/jnas/oneshot/chosen_words/matched_gender/male/4/4_15_2.jnas.out -3084.11
/usr/users/chiaying/oneshot/jnas/oneshot/chosen_words/matched_gender/male/4/4_16_2.jnas.out -3413.56
/usr/users/chiaying/oneshot/jnas/oneshot/chosen_words/matched_gender/male/4/4_17_2.jnas.out -2996.19
/usr/users/chiaying/oneshot/jnas/oneshot/chosen_words/matched_gender/male/4/4_18_2.jnas.out -2873.22
/usr/users/chiaying/oneshot/jnas/oneshot/chosen_words/matched_gender/male/4/4_19_2.jnas.out -2796.14
/usr/users/chiaying/oneshot/jnas/oneshot/chosen_words/matched_gender/male/4/4_1_2.jnas.out -2833.73
/usr/users/chiaying/oneshot/jnas/oneshot/chosen_words/matched_gender/male/4/4_20_2.jnas.out -3055.06
/usr/users/chiaying/oneshot/jnas/oneshot/chosen_words/matched_gender/male/4/4_2_2.jnas.out -2830.47
/usr/users/chiaying/oneshot/jnas/oneshot/chosen_words/matched_gender/male/4/4_3_2.jnas.out -3082.45
/usr/users/chiaying/oneshot/jnas/oneshot/chosen_words/matched_gender/male/4/4_4_2.jnas.out -2789.59
/usr/users/chiaying/oneshot/jnas/oneshot/chosen_words/matched_gender/male/4/4_5_2.jnas.out -3314.19
/usr/users/chiaying/oneshot/jnas/oneshot/chosen_words/matched_gender/male/4/4_6_2.jnas.out -3080.09
/usr/users/chiaying/oneshot/jnas/oneshot/chosen_words/matched_gender/male/4/4_7_2.jnas.out -3188.39
/usr/users/chiaying/oneshot/jnas/oneshot/chosen_words/matched_gender/male/4/4_8_2.jnas.out -3045.11
/usr/users/chiaying/oneshot/jnas/oneshot/chosen_words/matched_gender/male/4/4_9_2.jnas.out -3110.62
