/usr/users/chiaying/oneshot/jnas/oneshot/chosen_words/matched_gender/male/4/4_8_1.jnas.out
63 42 5 81 16 62 7 93 85 
/usr/users/chiaying/oneshot/jnas/oneshot/chosen_words/matched_gender/male/4/4_10_2.jnas.out -2899.5
/usr/users/chiaying/oneshot/jnas/oneshot/chosen_words/matched_gender/male/4/4_11_2.jnas.out -2784.44
/usr/users/chiaying/oneshot/jnas/oneshot/chosen_words/matched_gender/male/4/4_12_2.jnas.out -2852.71
/usr/users/chiaying/oneshot/jnas/oneshot/chosen_words/matched_gender/male/4/4_13_2.jnas.out -2652.88
/usr/users/chiaying/oneshot/jnas/oneshot/chosen_words/matched_gender/male/4/4_14_2.jnas.out -2894.17
/usr/users/chiaying/oneshot/jnas/oneshot/chosen_words/matched_gender/male/4/4_15_2.jnas.out -2742.07
/usr/users/chiaying/oneshot/jnas/oneshot/chosen_words/matched_gender/male/4/4_16_2.jnas.out -2803.62
/usr/users/chiaying/oneshot/jnas/oneshot/chosen_words/matched_gender/male/4/4_17_2.jnas.out -2740.53
/usr/users/chiaying/oneshot/jnas/oneshot/chosen_words/matched_gender/male/4/4_18_2.jnas.out -2743.72
/usr/users/chiaying/oneshot/jnas/oneshot/chosen_words/matched_gender/male/4/4_19_2.jnas.out -2773.28
/usr/users/chiaying/oneshot/jnas/oneshot/chosen_words/matched_gender/male/4/4_1_2.jnas.out -2716.9
/usr/users/chiaying/oneshot/jnas/oneshot/chosen_words/matched_gender/male/4/4_20_2.jnas.out -2698.04
/usr/users/chiaying/oneshot/jnas/oneshot/chosen_words/matched_gender/male/4/4_2_2.jnas.out -2749.07
/usr/users/chiaying/oneshot/jnas/oneshot/chosen_words/matched_gender/male/4/4_3_2.jnas.out -2857.2
/usr/users/chiaying/oneshot/jnas/oneshot/chosen_words/matched_gender/male/4/4_4_2.jnas.out -2823.44
/usr/users/chiaying/oneshot/jnas/oneshot/chosen_words/matched_gender/male/4/4_5_2.jnas.out -2693.83
/usr/users/chiaying/oneshot/jnas/oneshot/chosen_words/matched_gender/male/4/4_6_2.jnas.out -2843.79
/usr/users/chiaying/oneshot/jnas/oneshot/chosen_words/matched_gender/male/4/4_7_2.jnas.out -2772.09
/usr/users/chiaying/oneshot/jnas/oneshot/chosen_words/matched_gender/male/4/4_8_2.jnas.out -2503.13
/usr/users/chiaying/oneshot/jnas/oneshot/chosen_words/matched_gender/male/4/4_9_2.jnas.out -2650.75
