/usr/users/chiaying/oneshot/jnas/oneshot/chosen_words/matched_gender/male/6/6_10_1.wsj.out
25 21 3 81 3 
/usr/users/chiaying/oneshot/jnas/oneshot/chosen_words/matched_gender/male/6/6_10_2.wsj.out -2513.75
/usr/users/chiaying/oneshot/jnas/oneshot/chosen_words/matched_gender/male/6/6_11_2.wsj.out -2731.98
/usr/users/chiaying/oneshot/jnas/oneshot/chosen_words/matched_gender/male/6/6_12_2.wsj.out -2753.6
/usr/users/chiaying/oneshot/jnas/oneshot/chosen_words/matched_gender/male/6/6_13_2.wsj.out -2946.14
/usr/users/chiaying/oneshot/jnas/oneshot/chosen_words/matched_gender/male/6/6_14_2.wsj.out -2776.01
/usr/users/chiaying/oneshot/jnas/oneshot/chosen_words/matched_gender/male/6/6_15_2.wsj.out -2369.78
/usr/users/chiaying/oneshot/jnas/oneshot/chosen_words/matched_gender/male/6/6_16_2.wsj.out -2467.84
/usr/users/chiaying/oneshot/jnas/oneshot/chosen_words/matched_gender/male/6/6_17_2.wsj.out -3030.78
/usr/users/chiaying/oneshot/jnas/oneshot/chosen_words/matched_gender/male/6/6_18_2.wsj.out -2669.35
/usr/users/chiaying/oneshot/jnas/oneshot/chosen_words/matched_gender/male/6/6_19_2.wsj.out -2844.78
/usr/users/chiaying/oneshot/jnas/oneshot/chosen_words/matched_gender/male/6/6_1_2.wsj.out -2985.64
/usr/users/chiaying/oneshot/jnas/oneshot/chosen_words/matched_gender/male/6/6_20_2.wsj.out -3042.49
/usr/users/chiaying/oneshot/jnas/oneshot/chosen_words/matched_gender/male/6/6_2_2.wsj.out -2697.88
/usr/users/chiaying/oneshot/jnas/oneshot/chosen_words/matched_gender/male/6/6_3_2.wsj.out -2748.1
/usr/users/chiaying/oneshot/jnas/oneshot/chosen_words/matched_gender/male/6/6_4_2.wsj.out -2556.46
/usr/users/chiaying/oneshot/jnas/oneshot/chosen_words/matched_gender/male/6/6_5_2.wsj.out -2650.7
/usr/users/chiaying/oneshot/jnas/oneshot/chosen_words/matched_gender/male/6/6_6_2.wsj.out -2713.28
/usr/users/chiaying/oneshot/jnas/oneshot/chosen_words/matched_gender/male/6/6_7_2.wsj.out -3088.34
/usr/users/chiaying/oneshot/jnas/oneshot/chosen_words/matched_gender/male/6/6_8_2.wsj.out -2487.9
/usr/users/chiaying/oneshot/jnas/oneshot/chosen_words/matched_gender/male/6/6_9_2.wsj.out -2763.31
