/usr/users/chiaying/oneshot/jnas/oneshot/chosen_words/matched_gender/male/6/6_14_2.jnas.out
72 60 58 93 61 27 69 24 93 61 69 58 70 86 3 91 53 
/usr/users/chiaying/oneshot/jnas/oneshot/chosen_words/matched_gender/male/6/6_10_1.jnas.out -4339.39
/usr/users/chiaying/oneshot/jnas/oneshot/chosen_words/matched_gender/male/6/6_11_1.jnas.out -4606.72
/usr/users/chiaying/oneshot/jnas/oneshot/chosen_words/matched_gender/male/6/6_12_1.jnas.out -4701.41
/usr/users/chiaying/oneshot/jnas/oneshot/chosen_words/matched_gender/male/6/6_13_1.jnas.out -4445.65
/usr/users/chiaying/oneshot/jnas/oneshot/chosen_words/matched_gender/male/6/6_14_1.jnas.out -3906.71
/usr/users/chiaying/oneshot/jnas/oneshot/chosen_words/matched_gender/male/6/6_15_1.jnas.out -4338.05
/usr/users/chiaying/oneshot/jnas/oneshot/chosen_words/matched_gender/male/6/6_16_1.jnas.out -4556.48
/usr/users/chiaying/oneshot/jnas/oneshot/chosen_words/matched_gender/male/6/6_17_1.jnas.out -4219.64
/usr/users/chiaying/oneshot/jnas/oneshot/chosen_words/matched_gender/male/6/6_18_1.jnas.out -4603.67
/usr/users/chiaying/oneshot/jnas/oneshot/chosen_words/matched_gender/male/6/6_19_1.jnas.out -4464.97
/usr/users/chiaying/oneshot/jnas/oneshot/chosen_words/matched_gender/male/6/6_1_1.jnas.out -4763.59
/usr/users/chiaying/oneshot/jnas/oneshot/chosen_words/matched_gender/male/6/6_20_1.jnas.out -4608.95
/usr/users/chiaying/oneshot/jnas/oneshot/chosen_words/matched_gender/male/6/6_2_1.jnas.out -4391.93
/usr/users/chiaying/oneshot/jnas/oneshot/chosen_words/matched_gender/male/6/6_3_1.jnas.out -4194.13
/usr/users/chiaying/oneshot/jnas/oneshot/chosen_words/matched_gender/male/6/6_4_1.jnas.out -4387.87
/usr/users/chiaying/oneshot/jnas/oneshot/chosen_words/matched_gender/male/6/6_5_1.jnas.out -4406.88
/usr/users/chiaying/oneshot/jnas/oneshot/chosen_words/matched_gender/male/6/6_6_1.jnas.out -4155.23
/usr/users/chiaying/oneshot/jnas/oneshot/chosen_words/matched_gender/male/6/6_7_1.jnas.out -4574.9
/usr/users/chiaying/oneshot/jnas/oneshot/chosen_words/matched_gender/male/6/6_8_1.jnas.out -4638.33
/usr/users/chiaying/oneshot/jnas/oneshot/chosen_words/matched_gender/male/6/6_9_1.jnas.out -4698.02
