/usr/users/chiaying/oneshot/jnas/oneshot/chosen_words/matched_gender/male/6/6_15_2.jnas.out
3 1 8 61 22 88 1 8 
/usr/users/chiaying/oneshot/jnas/oneshot/chosen_words/matched_gender/male/6/6_10_1.jnas.out -2232.89
/usr/users/chiaying/oneshot/jnas/oneshot/chosen_words/matched_gender/male/6/6_11_1.jnas.out -2688.3
/usr/users/chiaying/oneshot/jnas/oneshot/chosen_words/matched_gender/male/6/6_12_1.jnas.out -2624.48
/usr/users/chiaying/oneshot/jnas/oneshot/chosen_words/matched_gender/male/6/6_13_1.jnas.out -2706.07
/usr/users/chiaying/oneshot/jnas/oneshot/chosen_words/matched_gender/male/6/6_14_1.jnas.out -2425.48
/usr/users/chiaying/oneshot/jnas/oneshot/chosen_words/matched_gender/male/6/6_15_1.jnas.out -2184.79
/usr/users/chiaying/oneshot/jnas/oneshot/chosen_words/matched_gender/male/6/6_16_1.jnas.out -2531.4
/usr/users/chiaying/oneshot/jnas/oneshot/chosen_words/matched_gender/male/6/6_17_1.jnas.out -2808.35
/usr/users/chiaying/oneshot/jnas/oneshot/chosen_words/matched_gender/male/6/6_18_1.jnas.out -2451.39
/usr/users/chiaying/oneshot/jnas/oneshot/chosen_words/matched_gender/male/6/6_19_1.jnas.out -2605.86
/usr/users/chiaying/oneshot/jnas/oneshot/chosen_words/matched_gender/male/6/6_1_1.jnas.out -2800.64
/usr/users/chiaying/oneshot/jnas/oneshot/chosen_words/matched_gender/male/6/6_20_1.jnas.out -2741.44
/usr/users/chiaying/oneshot/jnas/oneshot/chosen_words/matched_gender/male/6/6_2_1.jnas.out -2692.08
/usr/users/chiaying/oneshot/jnas/oneshot/chosen_words/matched_gender/male/6/6_3_1.jnas.out -2508.32
/usr/users/chiaying/oneshot/jnas/oneshot/chosen_words/matched_gender/male/6/6_4_1.jnas.out -2402.12
/usr/users/chiaying/oneshot/jnas/oneshot/chosen_words/matched_gender/male/6/6_5_1.jnas.out -2537.77
/usr/users/chiaying/oneshot/jnas/oneshot/chosen_words/matched_gender/male/6/6_6_1.jnas.out -2726.74
/usr/users/chiaying/oneshot/jnas/oneshot/chosen_words/matched_gender/male/6/6_7_1.jnas.out -2866.27
/usr/users/chiaying/oneshot/jnas/oneshot/chosen_words/matched_gender/male/6/6_8_1.jnas.out -2339.78
/usr/users/chiaying/oneshot/jnas/oneshot/chosen_words/matched_gender/male/6/6_9_1.jnas.out -2840.55
