/usr/users/chiaying/oneshot/jnas/oneshot/chosen_words/matched_gender/male/6/6_20_1.wsj.out
97 60 94 63 56 5 59 83 6 
/usr/users/chiaying/oneshot/jnas/oneshot/chosen_words/matched_gender/male/6/6_10_2.wsj.out -3721.34
/usr/users/chiaying/oneshot/jnas/oneshot/chosen_words/matched_gender/male/6/6_11_2.wsj.out -3515.78
/usr/users/chiaying/oneshot/jnas/oneshot/chosen_words/matched_gender/male/6/6_12_2.wsj.out -3697.95
/usr/users/chiaying/oneshot/jnas/oneshot/chosen_words/matched_gender/male/6/6_13_2.wsj.out -3816.67
/usr/users/chiaying/oneshot/jnas/oneshot/chosen_words/matched_gender/male/6/6_14_2.wsj.out -3910.8
/usr/users/chiaying/oneshot/jnas/oneshot/chosen_words/matched_gender/male/6/6_15_2.wsj.out -3949.23
/usr/users/chiaying/oneshot/jnas/oneshot/chosen_words/matched_gender/male/6/6_16_2.wsj.out -3781.18
/usr/users/chiaying/oneshot/jnas/oneshot/chosen_words/matched_gender/male/6/6_17_2.wsj.out -3711.12
/usr/users/chiaying/oneshot/jnas/oneshot/chosen_words/matched_gender/male/6/6_18_2.wsj.out -3811.45
/usr/users/chiaying/oneshot/jnas/oneshot/chosen_words/matched_gender/male/6/6_19_2.wsj.out -3526.47
/usr/users/chiaying/oneshot/jnas/oneshot/chosen_words/matched_gender/male/6/6_1_2.wsj.out -3501.44
/usr/users/chiaying/oneshot/jnas/oneshot/chosen_words/matched_gender/male/6/6_20_2.wsj.out -3283.49
/usr/users/chiaying/oneshot/jnas/oneshot/chosen_words/matched_gender/male/6/6_2_2.wsj.out -3579.34
/usr/users/chiaying/oneshot/jnas/oneshot/chosen_words/matched_gender/male/6/6_3_2.wsj.out -3539.43
/usr/users/chiaying/oneshot/jnas/oneshot/chosen_words/matched_gender/male/6/6_4_2.wsj.out -3682.46
/usr/users/chiaying/oneshot/jnas/oneshot/chosen_words/matched_gender/male/6/6_5_2.wsj.out -3785.77
/usr/users/chiaying/oneshot/jnas/oneshot/chosen_words/matched_gender/male/6/6_6_2.wsj.out -3644.82
/usr/users/chiaying/oneshot/jnas/oneshot/chosen_words/matched_gender/male/6/6_7_2.wsj.out -3638.79
/usr/users/chiaying/oneshot/jnas/oneshot/chosen_words/matched_gender/male/6/6_8_2.wsj.out -3856.68
/usr/users/chiaying/oneshot/jnas/oneshot/chosen_words/matched_gender/male/6/6_9_2.wsj.out -3526.98
