/usr/users/chiaying/oneshot/jnas/oneshot/chosen_words/matched_gender/male/6/6_7_1.wsj.out
42 18 15 23 42 85 15 23 34 77 17 74 55 1 
/usr/users/chiaying/oneshot/jnas/oneshot/chosen_words/matched_gender/male/6/6_10_2.wsj.out -4987.66
/usr/users/chiaying/oneshot/jnas/oneshot/chosen_words/matched_gender/male/6/6_11_2.wsj.out -4800.22
/usr/users/chiaying/oneshot/jnas/oneshot/chosen_words/matched_gender/male/6/6_12_2.wsj.out -4771.8
/usr/users/chiaying/oneshot/jnas/oneshot/chosen_words/matched_gender/male/6/6_13_2.wsj.out -4911.43
/usr/users/chiaying/oneshot/jnas/oneshot/chosen_words/matched_gender/male/6/6_14_2.wsj.out -4807.32
/usr/users/chiaying/oneshot/jnas/oneshot/chosen_words/matched_gender/male/6/6_15_2.wsj.out -4971.5
/usr/users/chiaying/oneshot/jnas/oneshot/chosen_words/matched_gender/male/6/6_16_2.wsj.out -4790.34
/usr/users/chiaying/oneshot/jnas/oneshot/chosen_words/matched_gender/male/6/6_17_2.wsj.out -4641.62
/usr/users/chiaying/oneshot/jnas/oneshot/chosen_words/matched_gender/male/6/6_18_2.wsj.out -4756.35
/usr/users/chiaying/oneshot/jnas/oneshot/chosen_words/matched_gender/male/6/6_19_2.wsj.out -4769.05
/usr/users/chiaying/oneshot/jnas/oneshot/chosen_words/matched_gender/male/6/6_1_2.wsj.out -4853.31
/usr/users/chiaying/oneshot/jnas/oneshot/chosen_words/matched_gender/male/6/6_20_2.wsj.out -4840.66
/usr/users/chiaying/oneshot/jnas/oneshot/chosen_words/matched_gender/male/6/6_2_2.wsj.out -4727.75
/usr/users/chiaying/oneshot/jnas/oneshot/chosen_words/matched_gender/male/6/6_3_2.wsj.out -4809.11
/usr/users/chiaying/oneshot/jnas/oneshot/chosen_words/matched_gender/male/6/6_4_2.wsj.out -4826.98
/usr/users/chiaying/oneshot/jnas/oneshot/chosen_words/matched_gender/male/6/6_5_2.wsj.out -4972.04
/usr/users/chiaying/oneshot/jnas/oneshot/chosen_words/matched_gender/male/6/6_6_2.wsj.out -4776.11
/usr/users/chiaying/oneshot/jnas/oneshot/chosen_words/matched_gender/male/6/6_7_2.wsj.out -4406.45
/usr/users/chiaying/oneshot/jnas/oneshot/chosen_words/matched_gender/male/6/6_8_2.wsj.out -4924.34
/usr/users/chiaying/oneshot/jnas/oneshot/chosen_words/matched_gender/male/6/6_9_2.wsj.out -4764.3
