/usr/users/chiaying/oneshot/jnas/oneshot/chosen_words/matched_gender/male/3/3_11_1.jnas.out
19 46 14 24 80 47 64 54 63 89 
/usr/users/chiaying/oneshot/jnas/oneshot/chosen_words/matched_gender/male/3/3_10_2.jnas.out -2058.96
/usr/users/chiaying/oneshot/jnas/oneshot/chosen_words/matched_gender/male/3/3_11_2.jnas.out -1833.19
/usr/users/chiaying/oneshot/jnas/oneshot/chosen_words/matched_gender/male/3/3_12_2.jnas.out -2238.31
/usr/users/chiaying/oneshot/jnas/oneshot/chosen_words/matched_gender/male/3/3_13_2.jnas.out -2094.28
/usr/users/chiaying/oneshot/jnas/oneshot/chosen_words/matched_gender/male/3/3_14_2.jnas.out -2095.03
/usr/users/chiaying/oneshot/jnas/oneshot/chosen_words/matched_gender/male/3/3_15_2.jnas.out -2320.69
/usr/users/chiaying/oneshot/jnas/oneshot/chosen_words/matched_gender/male/3/3_16_2.jnas.out -2398.44
/usr/users/chiaying/oneshot/jnas/oneshot/chosen_words/matched_gender/male/3/3_17_2.jnas.out -2259.59
/usr/users/chiaying/oneshot/jnas/oneshot/chosen_words/matched_gender/male/3/3_18_2.jnas.out -2257.71
/usr/users/chiaying/oneshot/jnas/oneshot/chosen_words/matched_gender/male/3/3_19_2.jnas.out -1949.24
/usr/users/chiaying/oneshot/jnas/oneshot/chosen_words/matched_gender/male/3/3_1_2.jnas.out -2022.3
/usr/users/chiaying/oneshot/jnas/oneshot/chosen_words/matched_gender/male/3/3_20_2.jnas.out -2185.84
/usr/users/chiaying/oneshot/jnas/oneshot/chosen_words/matched_gender/male/3/3_2_2.jnas.out -2313.32
/usr/users/chiaying/oneshot/jnas/oneshot/chosen_words/matched_gender/male/3/3_3_2.jnas.out -2087.82
/usr/users/chiaying/oneshot/jnas/oneshot/chosen_words/matched_gender/male/3/3_4_2.jnas.out -2011.08
/usr/users/chiaying/oneshot/jnas/oneshot/chosen_words/matched_gender/male/3/3_5_2.jnas.out -1869.88
/usr/users/chiaying/oneshot/jnas/oneshot/chosen_words/matched_gender/male/3/3_6_2.jnas.out -1964.3
/usr/users/chiaying/oneshot/jnas/oneshot/chosen_words/matched_gender/male/3/3_7_2.jnas.out -2261.17
/usr/users/chiaying/oneshot/jnas/oneshot/chosen_words/matched_gender/male/3/3_8_2.jnas.out -2141.55
/usr/users/chiaying/oneshot/jnas/oneshot/chosen_words/matched_gender/male/3/3_9_2.jnas.out -2344.3
