/usr/users/chiaying/oneshot/jnas/oneshot/chosen_words/matched_gender/male/3/3_19_1.wsj.out
68 76 92 97 52 59 5 
/usr/users/chiaying/oneshot/jnas/oneshot/chosen_words/matched_gender/male/3/3_10_2.wsj.out -2932.22
/usr/users/chiaying/oneshot/jnas/oneshot/chosen_words/matched_gender/male/3/3_11_2.wsj.out -2666.74
/usr/users/chiaying/oneshot/jnas/oneshot/chosen_words/matched_gender/male/3/3_12_2.wsj.out -2816.9
/usr/users/chiaying/oneshot/jnas/oneshot/chosen_words/matched_gender/male/3/3_13_2.wsj.out -2826.15
/usr/users/chiaying/oneshot/jnas/oneshot/chosen_words/matched_gender/male/3/3_14_2.wsj.out -2833.31
/usr/users/chiaying/oneshot/jnas/oneshot/chosen_words/matched_gender/male/3/3_15_2.wsj.out -2978.95
/usr/users/chiaying/oneshot/jnas/oneshot/chosen_words/matched_gender/male/3/3_16_2.wsj.out -2896
/usr/users/chiaying/oneshot/jnas/oneshot/chosen_words/matched_gender/male/3/3_17_2.wsj.out -2889.12
/usr/users/chiaying/oneshot/jnas/oneshot/chosen_words/matched_gender/male/3/3_18_2.wsj.out -2825.51
/usr/users/chiaying/oneshot/jnas/oneshot/chosen_words/matched_gender/male/3/3_19_2.wsj.out -2495.11
/usr/users/chiaying/oneshot/jnas/oneshot/chosen_words/matched_gender/male/3/3_1_2.wsj.out -2845.61
/usr/users/chiaying/oneshot/jnas/oneshot/chosen_words/matched_gender/male/3/3_20_2.wsj.out -2985.21
/usr/users/chiaying/oneshot/jnas/oneshot/chosen_words/matched_gender/male/3/3_2_2.wsj.out -2820.58
/usr/users/chiaying/oneshot/jnas/oneshot/chosen_words/matched_gender/male/3/3_3_2.wsj.out -2708.51
/usr/users/chiaying/oneshot/jnas/oneshot/chosen_words/matched_gender/male/3/3_4_2.wsj.out -2838.85
/usr/users/chiaying/oneshot/jnas/oneshot/chosen_words/matched_gender/male/3/3_5_2.wsj.out -2958.18
/usr/users/chiaying/oneshot/jnas/oneshot/chosen_words/matched_gender/male/3/3_6_2.wsj.out -2859.98
/usr/users/chiaying/oneshot/jnas/oneshot/chosen_words/matched_gender/male/3/3_7_2.wsj.out -2994.92
/usr/users/chiaying/oneshot/jnas/oneshot/chosen_words/matched_gender/male/3/3_8_2.wsj.out -2952.44
/usr/users/chiaying/oneshot/jnas/oneshot/chosen_words/matched_gender/male/3/3_9_2.wsj.out -2730.07
