/usr/users/chiaying/oneshot/jnas/oneshot/chosen_words/matched_gender/male/3/3_5_1.jnas.out
3 1 16 94 47 38 33 29 
/usr/users/chiaying/oneshot/jnas/oneshot/chosen_words/matched_gender/male/3/3_10_2.jnas.out -1871.59
/usr/users/chiaying/oneshot/jnas/oneshot/chosen_words/matched_gender/male/3/3_11_2.jnas.out -1941.58
/usr/users/chiaying/oneshot/jnas/oneshot/chosen_words/matched_gender/male/3/3_12_2.jnas.out -1986.44
/usr/users/chiaying/oneshot/jnas/oneshot/chosen_words/matched_gender/male/3/3_13_2.jnas.out -2053.88
/usr/users/chiaying/oneshot/jnas/oneshot/chosen_words/matched_gender/male/3/3_14_2.jnas.out -2007.88
/usr/users/chiaying/oneshot/jnas/oneshot/chosen_words/matched_gender/male/3/3_15_2.jnas.out -2041.02
/usr/users/chiaying/oneshot/jnas/oneshot/chosen_words/matched_gender/male/3/3_16_2.jnas.out -2007.38
/usr/users/chiaying/oneshot/jnas/oneshot/chosen_words/matched_gender/male/3/3_17_2.jnas.out -1998.31
/usr/users/chiaying/oneshot/jnas/oneshot/chosen_words/matched_gender/male/3/3_18_2.jnas.out -2014.34
/usr/users/chiaying/oneshot/jnas/oneshot/chosen_words/matched_gender/male/3/3_19_2.jnas.out -1943.38
/usr/users/chiaying/oneshot/jnas/oneshot/chosen_words/matched_gender/male/3/3_1_2.jnas.out -2032.62
/usr/users/chiaying/oneshot/jnas/oneshot/chosen_words/matched_gender/male/3/3_20_2.jnas.out -1881.01
/usr/users/chiaying/oneshot/jnas/oneshot/chosen_words/matched_gender/male/3/3_2_2.jnas.out -1950.24
/usr/users/chiaying/oneshot/jnas/oneshot/chosen_words/matched_gender/male/3/3_3_2.jnas.out -1840.33
/usr/users/chiaying/oneshot/jnas/oneshot/chosen_words/matched_gender/male/3/3_4_2.jnas.out -1932.24
/usr/users/chiaying/oneshot/jnas/oneshot/chosen_words/matched_gender/male/3/3_5_2.jnas.out -1703
/usr/users/chiaying/oneshot/jnas/oneshot/chosen_words/matched_gender/male/3/3_6_2.jnas.out -1785.49
/usr/users/chiaying/oneshot/jnas/oneshot/chosen_words/matched_gender/male/3/3_7_2.jnas.out -2092.71
/usr/users/chiaying/oneshot/jnas/oneshot/chosen_words/matched_gender/male/3/3_8_2.jnas.out -1923
/usr/users/chiaying/oneshot/jnas/oneshot/chosen_words/matched_gender/male/3/3_9_2.jnas.out -1943.52
