/usr/users/chiaying/oneshot/jnas/oneshot/chosen_words/matched_gender/male/3/3_6_1.wsj.out
2 43 21 4 83 24 5 
/usr/users/chiaying/oneshot/jnas/oneshot/chosen_words/matched_gender/male/3/3_10_2.wsj.out -2394.48
/usr/users/chiaying/oneshot/jnas/oneshot/chosen_words/matched_gender/male/3/3_11_2.wsj.out -2334.94
/usr/users/chiaying/oneshot/jnas/oneshot/chosen_words/matched_gender/male/3/3_12_2.wsj.out -2359.75
/usr/users/chiaying/oneshot/jnas/oneshot/chosen_words/matched_gender/male/3/3_13_2.wsj.out -2432.42
/usr/users/chiaying/oneshot/jnas/oneshot/chosen_words/matched_gender/male/3/3_14_2.wsj.out -2332.76
/usr/users/chiaying/oneshot/jnas/oneshot/chosen_words/matched_gender/male/3/3_15_2.wsj.out -2614.87
/usr/users/chiaying/oneshot/jnas/oneshot/chosen_words/matched_gender/male/3/3_16_2.wsj.out -2537.45
/usr/users/chiaying/oneshot/jnas/oneshot/chosen_words/matched_gender/male/3/3_17_2.wsj.out -2599.8
/usr/users/chiaying/oneshot/jnas/oneshot/chosen_words/matched_gender/male/3/3_18_2.wsj.out -2551.1
/usr/users/chiaying/oneshot/jnas/oneshot/chosen_words/matched_gender/male/3/3_19_2.wsj.out -2392.86
/usr/users/chiaying/oneshot/jnas/oneshot/chosen_words/matched_gender/male/3/3_1_2.wsj.out -2552.63
/usr/users/chiaying/oneshot/jnas/oneshot/chosen_words/matched_gender/male/3/3_20_2.wsj.out -2548.89
/usr/users/chiaying/oneshot/jnas/oneshot/chosen_words/matched_gender/male/3/3_2_2.wsj.out -2622.14
/usr/users/chiaying/oneshot/jnas/oneshot/chosen_words/matched_gender/male/3/3_3_2.wsj.out -2383.11
/usr/users/chiaying/oneshot/jnas/oneshot/chosen_words/matched_gender/male/3/3_4_2.wsj.out -2548.22
/usr/users/chiaying/oneshot/jnas/oneshot/chosen_words/matched_gender/male/3/3_5_2.wsj.out -2509.39
/usr/users/chiaying/oneshot/jnas/oneshot/chosen_words/matched_gender/male/3/3_6_2.wsj.out -2272.12
/usr/users/chiaying/oneshot/jnas/oneshot/chosen_words/matched_gender/male/3/3_7_2.wsj.out -2598.83
/usr/users/chiaying/oneshot/jnas/oneshot/chosen_words/matched_gender/male/3/3_8_2.wsj.out -2624.76
/usr/users/chiaying/oneshot/jnas/oneshot/chosen_words/matched_gender/male/3/3_9_2.wsj.out -2578.55
