/usr/users/chiaying/oneshot/jnas/oneshot/chosen_words/matched_gender/male/3/3_6_2.jnas.out
3 1 25 94 50 18 90 
/usr/users/chiaying/oneshot/jnas/oneshot/chosen_words/matched_gender/male/3/3_10_1.jnas.out -2080.85
/usr/users/chiaying/oneshot/jnas/oneshot/chosen_words/matched_gender/male/3/3_11_1.jnas.out -2011.97
/usr/users/chiaying/oneshot/jnas/oneshot/chosen_words/matched_gender/male/3/3_12_1.jnas.out -2275.19
/usr/users/chiaying/oneshot/jnas/oneshot/chosen_words/matched_gender/male/3/3_13_1.jnas.out -2031.23
/usr/users/chiaying/oneshot/jnas/oneshot/chosen_words/matched_gender/male/3/3_14_1.jnas.out -2063.94
/usr/users/chiaying/oneshot/jnas/oneshot/chosen_words/matched_gender/male/3/3_15_1.jnas.out -2088.7
/usr/users/chiaying/oneshot/jnas/oneshot/chosen_words/matched_gender/male/3/3_16_1.jnas.out -2201.36
/usr/users/chiaying/oneshot/jnas/oneshot/chosen_words/matched_gender/male/3/3_17_1.jnas.out -2076.62
/usr/users/chiaying/oneshot/jnas/oneshot/chosen_words/matched_gender/male/3/3_18_1.jnas.out -2118.59
/usr/users/chiaying/oneshot/jnas/oneshot/chosen_words/matched_gender/male/3/3_19_1.jnas.out -2195.89
/usr/users/chiaying/oneshot/jnas/oneshot/chosen_words/matched_gender/male/3/3_1_1.jnas.out -2182.3
/usr/users/chiaying/oneshot/jnas/oneshot/chosen_words/matched_gender/male/3/3_20_1.jnas.out -2056.63
/usr/users/chiaying/oneshot/jnas/oneshot/chosen_words/matched_gender/male/3/3_2_1.jnas.out -2215.09
/usr/users/chiaying/oneshot/jnas/oneshot/chosen_words/matched_gender/male/3/3_3_1.jnas.out -2023.55
/usr/users/chiaying/oneshot/jnas/oneshot/chosen_words/matched_gender/male/3/3_4_1.jnas.out -2101.61
/usr/users/chiaying/oneshot/jnas/oneshot/chosen_words/matched_gender/male/3/3_5_1.jnas.out -1956.49
/usr/users/chiaying/oneshot/jnas/oneshot/chosen_words/matched_gender/male/3/3_6_1.jnas.out -1843.14
/usr/users/chiaying/oneshot/jnas/oneshot/chosen_words/matched_gender/male/3/3_7_1.jnas.out -2271.54
/usr/users/chiaying/oneshot/jnas/oneshot/chosen_words/matched_gender/male/3/3_8_1.jnas.out -2155.24
/usr/users/chiaying/oneshot/jnas/oneshot/chosen_words/matched_gender/male/3/3_9_1.jnas.out -2073.06
