/usr/users/chiaying/oneshot/jnas/oneshot/chosen_words/matched_gender/female/7/7_11_1.jnas.out
39 36 33 4 81 62 80 43 47 87 78 15 
/usr/users/chiaying/oneshot/jnas/oneshot/chosen_words/matched_gender/female/7/7_10_2.jnas.out -3704.07
/usr/users/chiaying/oneshot/jnas/oneshot/chosen_words/matched_gender/female/7/7_11_2.jnas.out -3375.69
/usr/users/chiaying/oneshot/jnas/oneshot/chosen_words/matched_gender/female/7/7_12_2.jnas.out -3772.98
/usr/users/chiaying/oneshot/jnas/oneshot/chosen_words/matched_gender/female/7/7_13_2.jnas.out -3847.21
/usr/users/chiaying/oneshot/jnas/oneshot/chosen_words/matched_gender/female/7/7_14_2.jnas.out -3958.55
/usr/users/chiaying/oneshot/jnas/oneshot/chosen_words/matched_gender/female/7/7_15_2.jnas.out -3810.06
/usr/users/chiaying/oneshot/jnas/oneshot/chosen_words/matched_gender/female/7/7_16_2.jnas.out -3736.07
/usr/users/chiaying/oneshot/jnas/oneshot/chosen_words/matched_gender/female/7/7_17_2.jnas.out -4194.48
/usr/users/chiaying/oneshot/jnas/oneshot/chosen_words/matched_gender/female/7/7_18_2.jnas.out -3804.89
/usr/users/chiaying/oneshot/jnas/oneshot/chosen_words/matched_gender/female/7/7_19_2.jnas.out -3878.93
/usr/users/chiaying/oneshot/jnas/oneshot/chosen_words/matched_gender/female/7/7_1_2.jnas.out -3815.66
/usr/users/chiaying/oneshot/jnas/oneshot/chosen_words/matched_gender/female/7/7_20_2.jnas.out -3905.05
/usr/users/chiaying/oneshot/jnas/oneshot/chosen_words/matched_gender/female/7/7_2_2.jnas.out -3818.23
/usr/users/chiaying/oneshot/jnas/oneshot/chosen_words/matched_gender/female/7/7_3_2.jnas.out -3750.85
/usr/users/chiaying/oneshot/jnas/oneshot/chosen_words/matched_gender/female/7/7_4_2.jnas.out -4057.44
/usr/users/chiaying/oneshot/jnas/oneshot/chosen_words/matched_gender/female/7/7_5_2.jnas.out -3655.85
/usr/users/chiaying/oneshot/jnas/oneshot/chosen_words/matched_gender/female/7/7_6_2.jnas.out -3608.02
/usr/users/chiaying/oneshot/jnas/oneshot/chosen_words/matched_gender/female/7/7_7_2.jnas.out -3728.45
/usr/users/chiaying/oneshot/jnas/oneshot/chosen_words/matched_gender/female/7/7_8_2.jnas.out -3849.93
/usr/users/chiaying/oneshot/jnas/oneshot/chosen_words/matched_gender/female/7/7_9_2.jnas.out -3945.26
