/usr/users/chiaying/oneshot/jnas/oneshot/chosen_words/matched_gender/female/7/7_14_1.jnas.out
94 65 93 74 61 73 98 86 3 1 84 13 59 67 13 5 59 16 87 49 
/usr/users/chiaying/oneshot/jnas/oneshot/chosen_words/matched_gender/female/7/7_10_2.jnas.out -5037.51
/usr/users/chiaying/oneshot/jnas/oneshot/chosen_words/matched_gender/female/7/7_11_2.jnas.out -5145.78
/usr/users/chiaying/oneshot/jnas/oneshot/chosen_words/matched_gender/female/7/7_12_2.jnas.out -5151.36
/usr/users/chiaying/oneshot/jnas/oneshot/chosen_words/matched_gender/female/7/7_13_2.jnas.out -5188.56
/usr/users/chiaying/oneshot/jnas/oneshot/chosen_words/matched_gender/female/7/7_14_2.jnas.out -4552.5
/usr/users/chiaying/oneshot/jnas/oneshot/chosen_words/matched_gender/female/7/7_15_2.jnas.out -5325.65
/usr/users/chiaying/oneshot/jnas/oneshot/chosen_words/matched_gender/female/7/7_16_2.jnas.out -5062.01
/usr/users/chiaying/oneshot/jnas/oneshot/chosen_words/matched_gender/female/7/7_17_2.jnas.out -5136.82
/usr/users/chiaying/oneshot/jnas/oneshot/chosen_words/matched_gender/female/7/7_18_2.jnas.out -5276.44
/usr/users/chiaying/oneshot/jnas/oneshot/chosen_words/matched_gender/female/7/7_19_2.jnas.out -5092.72
/usr/users/chiaying/oneshot/jnas/oneshot/chosen_words/matched_gender/female/7/7_1_2.jnas.out -5293.48
/usr/users/chiaying/oneshot/jnas/oneshot/chosen_words/matched_gender/female/7/7_20_2.jnas.out -5052.41
/usr/users/chiaying/oneshot/jnas/oneshot/chosen_words/matched_gender/female/7/7_2_2.jnas.out -5130.32
/usr/users/chiaying/oneshot/jnas/oneshot/chosen_words/matched_gender/female/7/7_3_2.jnas.out -5126.74
/usr/users/chiaying/oneshot/jnas/oneshot/chosen_words/matched_gender/female/7/7_4_2.jnas.out -5080.45
/usr/users/chiaying/oneshot/jnas/oneshot/chosen_words/matched_gender/female/7/7_5_2.jnas.out -5174.31
/usr/users/chiaying/oneshot/jnas/oneshot/chosen_words/matched_gender/female/7/7_6_2.jnas.out -5032.65
/usr/users/chiaying/oneshot/jnas/oneshot/chosen_words/matched_gender/female/7/7_7_2.jnas.out -5244.04
/usr/users/chiaying/oneshot/jnas/oneshot/chosen_words/matched_gender/female/7/7_8_2.jnas.out -5134.68
/usr/users/chiaying/oneshot/jnas/oneshot/chosen_words/matched_gender/female/7/7_9_2.jnas.out -4974.35
