/usr/users/chiaying/oneshot/jnas/oneshot/chosen_words/matched_gender/female/7/7_14_2.jnas.out
30 82 43 20 35 61 95 23 97 68 13 56 68 13 5 59 16 62 33 
/usr/users/chiaying/oneshot/jnas/oneshot/chosen_words/matched_gender/female/7/7_10_1.jnas.out -4377.38
/usr/users/chiaying/oneshot/jnas/oneshot/chosen_words/matched_gender/female/7/7_11_1.jnas.out -4420.29
/usr/users/chiaying/oneshot/jnas/oneshot/chosen_words/matched_gender/female/7/7_12_1.jnas.out -4478.01
/usr/users/chiaying/oneshot/jnas/oneshot/chosen_words/matched_gender/female/7/7_13_1.jnas.out -4370.29
/usr/users/chiaying/oneshot/jnas/oneshot/chosen_words/matched_gender/female/7/7_14_1.jnas.out -3894.92
/usr/users/chiaying/oneshot/jnas/oneshot/chosen_words/matched_gender/female/7/7_15_1.jnas.out -4330.55
/usr/users/chiaying/oneshot/jnas/oneshot/chosen_words/matched_gender/female/7/7_16_1.jnas.out -4494.5
/usr/users/chiaying/oneshot/jnas/oneshot/chosen_words/matched_gender/female/7/7_17_1.jnas.out -4278.76
/usr/users/chiaying/oneshot/jnas/oneshot/chosen_words/matched_gender/female/7/7_18_1.jnas.out -4191.42
/usr/users/chiaying/oneshot/jnas/oneshot/chosen_words/matched_gender/female/7/7_19_1.jnas.out -4472.27
/usr/users/chiaying/oneshot/jnas/oneshot/chosen_words/matched_gender/female/7/7_1_1.jnas.out -4382.98
/usr/users/chiaying/oneshot/jnas/oneshot/chosen_words/matched_gender/female/7/7_20_1.jnas.out -4577.23
/usr/users/chiaying/oneshot/jnas/oneshot/chosen_words/matched_gender/female/7/7_2_1.jnas.out -4403.32
/usr/users/chiaying/oneshot/jnas/oneshot/chosen_words/matched_gender/female/7/7_3_1.jnas.out -4205.23
/usr/users/chiaying/oneshot/jnas/oneshot/chosen_words/matched_gender/female/7/7_4_1.jnas.out -4339.66
/usr/users/chiaying/oneshot/jnas/oneshot/chosen_words/matched_gender/female/7/7_5_1.jnas.out -4267.8
/usr/users/chiaying/oneshot/jnas/oneshot/chosen_words/matched_gender/female/7/7_6_1.jnas.out -4298.67
/usr/users/chiaying/oneshot/jnas/oneshot/chosen_words/matched_gender/female/7/7_7_1.jnas.out -4378.12
/usr/users/chiaying/oneshot/jnas/oneshot/chosen_words/matched_gender/female/7/7_8_1.jnas.out -4548.07
/usr/users/chiaying/oneshot/jnas/oneshot/chosen_words/matched_gender/female/7/7_9_1.jnas.out -4207.28
