/usr/users/chiaying/oneshot/jnas/oneshot/chosen_words/matched_gender/female/7/7_2_2.jnas.out
25 16 68 78 53 39 76 56 53 66 91 62 33 99 
/usr/users/chiaying/oneshot/jnas/oneshot/chosen_words/matched_gender/female/7/7_10_1.jnas.out -4481.09
/usr/users/chiaying/oneshot/jnas/oneshot/chosen_words/matched_gender/female/7/7_11_1.jnas.out -4611.23
/usr/users/chiaying/oneshot/jnas/oneshot/chosen_words/matched_gender/female/7/7_12_1.jnas.out -4658.72
/usr/users/chiaying/oneshot/jnas/oneshot/chosen_words/matched_gender/female/7/7_13_1.jnas.out -4486.56
/usr/users/chiaying/oneshot/jnas/oneshot/chosen_words/matched_gender/female/7/7_14_1.jnas.out -4490.21
/usr/users/chiaying/oneshot/jnas/oneshot/chosen_words/matched_gender/female/7/7_15_1.jnas.out -4143.48
/usr/users/chiaying/oneshot/jnas/oneshot/chosen_words/matched_gender/female/7/7_16_1.jnas.out -4781.92
/usr/users/chiaying/oneshot/jnas/oneshot/chosen_words/matched_gender/female/7/7_17_1.jnas.out -4170.9
/usr/users/chiaying/oneshot/jnas/oneshot/chosen_words/matched_gender/female/7/7_18_1.jnas.out -4141.38
/usr/users/chiaying/oneshot/jnas/oneshot/chosen_words/matched_gender/female/7/7_19_1.jnas.out -4260.65
/usr/users/chiaying/oneshot/jnas/oneshot/chosen_words/matched_gender/female/7/7_1_1.jnas.out -4250.21
/usr/users/chiaying/oneshot/jnas/oneshot/chosen_words/matched_gender/female/7/7_20_1.jnas.out -4896.73
/usr/users/chiaying/oneshot/jnas/oneshot/chosen_words/matched_gender/female/7/7_2_1.jnas.out -3635.35
/usr/users/chiaying/oneshot/jnas/oneshot/chosen_words/matched_gender/female/7/7_3_1.jnas.out -4342.42
/usr/users/chiaying/oneshot/jnas/oneshot/chosen_words/matched_gender/female/7/7_4_1.jnas.out -4219.06
/usr/users/chiaying/oneshot/jnas/oneshot/chosen_words/matched_gender/female/7/7_5_1.jnas.out -4379.04
/usr/users/chiaying/oneshot/jnas/oneshot/chosen_words/matched_gender/female/7/7_6_1.jnas.out -4351.01
/usr/users/chiaying/oneshot/jnas/oneshot/chosen_words/matched_gender/female/7/7_7_1.jnas.out -4354.9
/usr/users/chiaying/oneshot/jnas/oneshot/chosen_words/matched_gender/female/7/7_8_1.jnas.out -4225.56
/usr/users/chiaying/oneshot/jnas/oneshot/chosen_words/matched_gender/female/7/7_9_1.jnas.out -4272.06
