/usr/users/chiaying/oneshot/jnas/oneshot/chosen_words/matched_gender/female/7/7_7_1.wsj.out
40 94 23 58 34 22 14 87 27 52 5 51 58 37 35 84 74 45 
/usr/users/chiaying/oneshot/jnas/oneshot/chosen_words/matched_gender/female/7/7_10_2.wsj.out -7091.46
/usr/users/chiaying/oneshot/jnas/oneshot/chosen_words/matched_gender/female/7/7_11_2.wsj.out -7068.36
/usr/users/chiaying/oneshot/jnas/oneshot/chosen_words/matched_gender/female/7/7_12_2.wsj.out -7015.93
/usr/users/chiaying/oneshot/jnas/oneshot/chosen_words/matched_gender/female/7/7_13_2.wsj.out -7001.42
/usr/users/chiaying/oneshot/jnas/oneshot/chosen_words/matched_gender/female/7/7_14_2.wsj.out -7182.11
/usr/users/chiaying/oneshot/jnas/oneshot/chosen_words/matched_gender/female/7/7_15_2.wsj.out -7204.35
/usr/users/chiaying/oneshot/jnas/oneshot/chosen_words/matched_gender/female/7/7_16_2.wsj.out -7086.16
/usr/users/chiaying/oneshot/jnas/oneshot/chosen_words/matched_gender/female/7/7_17_2.wsj.out -7102.8
/usr/users/chiaying/oneshot/jnas/oneshot/chosen_words/matched_gender/female/7/7_18_2.wsj.out -6847.99
/usr/users/chiaying/oneshot/jnas/oneshot/chosen_words/matched_gender/female/7/7_19_2.wsj.out -6914.12
/usr/users/chiaying/oneshot/jnas/oneshot/chosen_words/matched_gender/female/7/7_1_2.wsj.out -7122.13
/usr/users/chiaying/oneshot/jnas/oneshot/chosen_words/matched_gender/female/7/7_20_2.wsj.out -7170.54
/usr/users/chiaying/oneshot/jnas/oneshot/chosen_words/matched_gender/female/7/7_2_2.wsj.out -7047.25
/usr/users/chiaying/oneshot/jnas/oneshot/chosen_words/matched_gender/female/7/7_3_2.wsj.out -6777.02
/usr/users/chiaying/oneshot/jnas/oneshot/chosen_words/matched_gender/female/7/7_4_2.wsj.out -6935.66
/usr/users/chiaying/oneshot/jnas/oneshot/chosen_words/matched_gender/female/7/7_5_2.wsj.out -7323.3
/usr/users/chiaying/oneshot/jnas/oneshot/chosen_words/matched_gender/female/7/7_6_2.wsj.out -7033.59
/usr/users/chiaying/oneshot/jnas/oneshot/chosen_words/matched_gender/female/7/7_7_2.wsj.out -6368.57
/usr/users/chiaying/oneshot/jnas/oneshot/chosen_words/matched_gender/female/7/7_8_2.wsj.out -7174.18
/usr/users/chiaying/oneshot/jnas/oneshot/chosen_words/matched_gender/female/7/7_9_2.wsj.out -6832.56
