/usr/users/chiaying/oneshot/jnas/oneshot/chosen_words/matched_gender/female/6/6_15_1.wsj.out
94 86 87 30 94 44 23 13 58 39 56 
/usr/users/chiaying/oneshot/jnas/oneshot/chosen_words/matched_gender/female/6/6_10_2.wsj.out -4705.19
/usr/users/chiaying/oneshot/jnas/oneshot/chosen_words/matched_gender/female/6/6_11_2.wsj.out -4872.5
/usr/users/chiaying/oneshot/jnas/oneshot/chosen_words/matched_gender/female/6/6_12_2.wsj.out -4804.76
/usr/users/chiaying/oneshot/jnas/oneshot/chosen_words/matched_gender/female/6/6_13_2.wsj.out -4757.32
/usr/users/chiaying/oneshot/jnas/oneshot/chosen_words/matched_gender/female/6/6_14_2.wsj.out -4679.07
/usr/users/chiaying/oneshot/jnas/oneshot/chosen_words/matched_gender/female/6/6_15_2.wsj.out -4368.03
/usr/users/chiaying/oneshot/jnas/oneshot/chosen_words/matched_gender/female/6/6_16_2.wsj.out -4752.19
/usr/users/chiaying/oneshot/jnas/oneshot/chosen_words/matched_gender/female/6/6_17_2.wsj.out -4537.8
/usr/users/chiaying/oneshot/jnas/oneshot/chosen_words/matched_gender/female/6/6_18_2.wsj.out -5019.77
/usr/users/chiaying/oneshot/jnas/oneshot/chosen_words/matched_gender/female/6/6_19_2.wsj.out -4830.2
/usr/users/chiaying/oneshot/jnas/oneshot/chosen_words/matched_gender/female/6/6_1_2.wsj.out -4832.1
/usr/users/chiaying/oneshot/jnas/oneshot/chosen_words/matched_gender/female/6/6_20_2.wsj.out -4703.25
/usr/users/chiaying/oneshot/jnas/oneshot/chosen_words/matched_gender/female/6/6_2_2.wsj.out -4583.83
/usr/users/chiaying/oneshot/jnas/oneshot/chosen_words/matched_gender/female/6/6_3_2.wsj.out -4664.76
/usr/users/chiaying/oneshot/jnas/oneshot/chosen_words/matched_gender/female/6/6_4_2.wsj.out -5117.34
/usr/users/chiaying/oneshot/jnas/oneshot/chosen_words/matched_gender/female/6/6_5_2.wsj.out -4961.43
/usr/users/chiaying/oneshot/jnas/oneshot/chosen_words/matched_gender/female/6/6_6_2.wsj.out -4875.93
/usr/users/chiaying/oneshot/jnas/oneshot/chosen_words/matched_gender/female/6/6_7_2.wsj.out -4847.82
/usr/users/chiaying/oneshot/jnas/oneshot/chosen_words/matched_gender/female/6/6_8_2.wsj.out -4754.93
/usr/users/chiaying/oneshot/jnas/oneshot/chosen_words/matched_gender/female/6/6_9_2.wsj.out -4781.19
