/usr/users/chiaying/oneshot/jnas/oneshot/chosen_words/matched_gender/female/6/6_19_2.jnas.out
41 47 32 4 53 91 36 87 78 2 5 59 67 73 75 96 90 
/usr/users/chiaying/oneshot/jnas/oneshot/chosen_words/matched_gender/female/6/6_10_1.jnas.out -5195.22
/usr/users/chiaying/oneshot/jnas/oneshot/chosen_words/matched_gender/female/6/6_11_1.jnas.out -5133.42
/usr/users/chiaying/oneshot/jnas/oneshot/chosen_words/matched_gender/female/6/6_12_1.jnas.out -5249.71
/usr/users/chiaying/oneshot/jnas/oneshot/chosen_words/matched_gender/female/6/6_13_1.jnas.out -4943.9
/usr/users/chiaying/oneshot/jnas/oneshot/chosen_words/matched_gender/female/6/6_14_1.jnas.out -4845.55
/usr/users/chiaying/oneshot/jnas/oneshot/chosen_words/matched_gender/female/6/6_15_1.jnas.out -5172.75
/usr/users/chiaying/oneshot/jnas/oneshot/chosen_words/matched_gender/female/6/6_16_1.jnas.out -5153.33
/usr/users/chiaying/oneshot/jnas/oneshot/chosen_words/matched_gender/female/6/6_17_1.jnas.out -5104.72
/usr/users/chiaying/oneshot/jnas/oneshot/chosen_words/matched_gender/female/6/6_18_1.jnas.out -5190.68
/usr/users/chiaying/oneshot/jnas/oneshot/chosen_words/matched_gender/female/6/6_19_1.jnas.out -4564.78
/usr/users/chiaying/oneshot/jnas/oneshot/chosen_words/matched_gender/female/6/6_1_1.jnas.out -5036.06
/usr/users/chiaying/oneshot/jnas/oneshot/chosen_words/matched_gender/female/6/6_20_1.jnas.out -5142.94
/usr/users/chiaying/oneshot/jnas/oneshot/chosen_words/matched_gender/female/6/6_2_1.jnas.out -4927.87
/usr/users/chiaying/oneshot/jnas/oneshot/chosen_words/matched_gender/female/6/6_3_1.jnas.out -5212.44
/usr/users/chiaying/oneshot/jnas/oneshot/chosen_words/matched_gender/female/6/6_4_1.jnas.out -4894.69
/usr/users/chiaying/oneshot/jnas/oneshot/chosen_words/matched_gender/female/6/6_5_1.jnas.out -5307.14
/usr/users/chiaying/oneshot/jnas/oneshot/chosen_words/matched_gender/female/6/6_6_1.jnas.out -5166.63
/usr/users/chiaying/oneshot/jnas/oneshot/chosen_words/matched_gender/female/6/6_7_1.jnas.out -5305
/usr/users/chiaying/oneshot/jnas/oneshot/chosen_words/matched_gender/female/6/6_8_1.jnas.out -4948.52
/usr/users/chiaying/oneshot/jnas/oneshot/chosen_words/matched_gender/female/6/6_9_1.jnas.out -5117.68
