/usr/users/chiaying/oneshot/jnas/oneshot/chosen_words/matched_gender/female/6/6_2_1.jnas.out
52 9 68 2 68 31 52 87 78 2 51 62 33 4 
/usr/users/chiaying/oneshot/jnas/oneshot/chosen_words/matched_gender/female/6/6_10_2.jnas.out -5003.19
/usr/users/chiaying/oneshot/jnas/oneshot/chosen_words/matched_gender/female/6/6_11_2.jnas.out -5135.73
/usr/users/chiaying/oneshot/jnas/oneshot/chosen_words/matched_gender/female/6/6_12_2.jnas.out -4703.47
/usr/users/chiaying/oneshot/jnas/oneshot/chosen_words/matched_gender/female/6/6_13_2.jnas.out -4725.51
/usr/users/chiaying/oneshot/jnas/oneshot/chosen_words/matched_gender/female/6/6_14_2.jnas.out -4872.14
/usr/users/chiaying/oneshot/jnas/oneshot/chosen_words/matched_gender/female/6/6_15_2.jnas.out -4805.83
/usr/users/chiaying/oneshot/jnas/oneshot/chosen_words/matched_gender/female/6/6_16_2.jnas.out -5137.93
/usr/users/chiaying/oneshot/jnas/oneshot/chosen_words/matched_gender/female/6/6_17_2.jnas.out -4908.75
/usr/users/chiaying/oneshot/jnas/oneshot/chosen_words/matched_gender/female/6/6_18_2.jnas.out -4691.08
/usr/users/chiaying/oneshot/jnas/oneshot/chosen_words/matched_gender/female/6/6_19_2.jnas.out -4868.36
/usr/users/chiaying/oneshot/jnas/oneshot/chosen_words/matched_gender/female/6/6_1_2.jnas.out -4721.21
/usr/users/chiaying/oneshot/jnas/oneshot/chosen_words/matched_gender/female/6/6_20_2.jnas.out -4532.18
/usr/users/chiaying/oneshot/jnas/oneshot/chosen_words/matched_gender/female/6/6_2_2.jnas.out -4302.99
/usr/users/chiaying/oneshot/jnas/oneshot/chosen_words/matched_gender/female/6/6_3_2.jnas.out -4740.2
/usr/users/chiaying/oneshot/jnas/oneshot/chosen_words/matched_gender/female/6/6_4_2.jnas.out -5347.88
/usr/users/chiaying/oneshot/jnas/oneshot/chosen_words/matched_gender/female/6/6_5_2.jnas.out -4719.27
/usr/users/chiaying/oneshot/jnas/oneshot/chosen_words/matched_gender/female/6/6_6_2.jnas.out -4692.28
/usr/users/chiaying/oneshot/jnas/oneshot/chosen_words/matched_gender/female/6/6_7_2.jnas.out -4669.85
/usr/users/chiaying/oneshot/jnas/oneshot/chosen_words/matched_gender/female/6/6_8_2.jnas.out -5019.17
/usr/users/chiaying/oneshot/jnas/oneshot/chosen_words/matched_gender/female/6/6_9_2.jnas.out -4587.05
