/usr/users/chiaying/oneshot/jnas/oneshot/chosen_words/matched_gender/female/6/6_6_2.wsj.out
72 74 50 23 84 74 24 15 23 94 
/usr/users/chiaying/oneshot/jnas/oneshot/chosen_words/matched_gender/female/6/6_10_1.wsj.out -4244.22
/usr/users/chiaying/oneshot/jnas/oneshot/chosen_words/matched_gender/female/6/6_11_1.wsj.out -4325.54
/usr/users/chiaying/oneshot/jnas/oneshot/chosen_words/matched_gender/female/6/6_12_1.wsj.out -4300.98
/usr/users/chiaying/oneshot/jnas/oneshot/chosen_words/matched_gender/female/6/6_13_1.wsj.out -4165.02
/usr/users/chiaying/oneshot/jnas/oneshot/chosen_words/matched_gender/female/6/6_14_1.wsj.out -4067.48
/usr/users/chiaying/oneshot/jnas/oneshot/chosen_words/matched_gender/female/6/6_15_1.wsj.out -4076.4
/usr/users/chiaying/oneshot/jnas/oneshot/chosen_words/matched_gender/female/6/6_16_1.wsj.out -4370.99
/usr/users/chiaying/oneshot/jnas/oneshot/chosen_words/matched_gender/female/6/6_17_1.wsj.out -4167.26
/usr/users/chiaying/oneshot/jnas/oneshot/chosen_words/matched_gender/female/6/6_18_1.wsj.out -4251.25
/usr/users/chiaying/oneshot/jnas/oneshot/chosen_words/matched_gender/female/6/6_19_1.wsj.out -4035.08
/usr/users/chiaying/oneshot/jnas/oneshot/chosen_words/matched_gender/female/6/6_1_1.wsj.out -4250.34
/usr/users/chiaying/oneshot/jnas/oneshot/chosen_words/matched_gender/female/6/6_20_1.wsj.out -4017.95
/usr/users/chiaying/oneshot/jnas/oneshot/chosen_words/matched_gender/female/6/6_2_1.wsj.out -3935.77
/usr/users/chiaying/oneshot/jnas/oneshot/chosen_words/matched_gender/female/6/6_3_1.wsj.out -4129.12
/usr/users/chiaying/oneshot/jnas/oneshot/chosen_words/matched_gender/female/6/6_4_1.wsj.out -4310.19
/usr/users/chiaying/oneshot/jnas/oneshot/chosen_words/matched_gender/female/6/6_5_1.wsj.out -4283.68
/usr/users/chiaying/oneshot/jnas/oneshot/chosen_words/matched_gender/female/6/6_6_1.wsj.out -3989.96
/usr/users/chiaying/oneshot/jnas/oneshot/chosen_words/matched_gender/female/6/6_7_1.wsj.out -4091.02
/usr/users/chiaying/oneshot/jnas/oneshot/chosen_words/matched_gender/female/6/6_8_1.wsj.out -4066.1
/usr/users/chiaying/oneshot/jnas/oneshot/chosen_words/matched_gender/female/6/6_9_1.wsj.out -4020.9
