/usr/users/chiaying/oneshot/jnas/oneshot/chosen_words/matched_gender/female/6/6_9_2.jnas.out
33 87 4 53 39 76 56 68 78 30 52 9 10 
/usr/users/chiaying/oneshot/jnas/oneshot/chosen_words/matched_gender/female/6/6_10_1.jnas.out -3267.55
/usr/users/chiaying/oneshot/jnas/oneshot/chosen_words/matched_gender/female/6/6_11_1.jnas.out -3643.94
/usr/users/chiaying/oneshot/jnas/oneshot/chosen_words/matched_gender/female/6/6_12_1.jnas.out -3522.72
/usr/users/chiaying/oneshot/jnas/oneshot/chosen_words/matched_gender/female/6/6_13_1.jnas.out -3359.56
/usr/users/chiaying/oneshot/jnas/oneshot/chosen_words/matched_gender/female/6/6_14_1.jnas.out -3447.41
/usr/users/chiaying/oneshot/jnas/oneshot/chosen_words/matched_gender/female/6/6_15_1.jnas.out -3352.11
/usr/users/chiaying/oneshot/jnas/oneshot/chosen_words/matched_gender/female/6/6_16_1.jnas.out -3526.19
/usr/users/chiaying/oneshot/jnas/oneshot/chosen_words/matched_gender/female/6/6_17_1.jnas.out -3607.76
/usr/users/chiaying/oneshot/jnas/oneshot/chosen_words/matched_gender/female/6/6_18_1.jnas.out -3468.62
/usr/users/chiaying/oneshot/jnas/oneshot/chosen_words/matched_gender/female/6/6_19_1.jnas.out -3604.02
/usr/users/chiaying/oneshot/jnas/oneshot/chosen_words/matched_gender/female/6/6_1_1.jnas.out -3588.63
/usr/users/chiaying/oneshot/jnas/oneshot/chosen_words/matched_gender/female/6/6_20_1.jnas.out -3348.51
/usr/users/chiaying/oneshot/jnas/oneshot/chosen_words/matched_gender/female/6/6_2_1.jnas.out -3450.87
/usr/users/chiaying/oneshot/jnas/oneshot/chosen_words/matched_gender/female/6/6_3_1.jnas.out -3279.51
/usr/users/chiaying/oneshot/jnas/oneshot/chosen_words/matched_gender/female/6/6_4_1.jnas.out -3651.53
/usr/users/chiaying/oneshot/jnas/oneshot/chosen_words/matched_gender/female/6/6_5_1.jnas.out -3807.76
/usr/users/chiaying/oneshot/jnas/oneshot/chosen_words/matched_gender/female/6/6_6_1.jnas.out -3431.98
/usr/users/chiaying/oneshot/jnas/oneshot/chosen_words/matched_gender/female/6/6_7_1.jnas.out -3396.02
/usr/users/chiaying/oneshot/jnas/oneshot/chosen_words/matched_gender/female/6/6_8_1.jnas.out -3560.79
/usr/users/chiaying/oneshot/jnas/oneshot/chosen_words/matched_gender/female/6/6_9_1.jnas.out -2980.69
