/usr/users/chiaying/oneshot/jnas/oneshot/chosen_words/matched_gender/female/5/5_10_2.wsj.out
39 38 79 53 8 39 8 37 10 
/usr/users/chiaying/oneshot/jnas/oneshot/chosen_words/matched_gender/female/5/5_10_1.wsj.out -3230.07
/usr/users/chiaying/oneshot/jnas/oneshot/chosen_words/matched_gender/female/5/5_11_1.wsj.out -3519.87
/usr/users/chiaying/oneshot/jnas/oneshot/chosen_words/matched_gender/female/5/5_12_1.wsj.out -3530.54
/usr/users/chiaying/oneshot/jnas/oneshot/chosen_words/matched_gender/female/5/5_13_1.wsj.out -3430.26
/usr/users/chiaying/oneshot/jnas/oneshot/chosen_words/matched_gender/female/5/5_14_1.wsj.out -3364.79
/usr/users/chiaying/oneshot/jnas/oneshot/chosen_words/matched_gender/female/5/5_15_1.wsj.out -3364.58
/usr/users/chiaying/oneshot/jnas/oneshot/chosen_words/matched_gender/female/5/5_16_1.wsj.out -3409.67
/usr/users/chiaying/oneshot/jnas/oneshot/chosen_words/matched_gender/female/5/5_17_1.wsj.out -3429.39
/usr/users/chiaying/oneshot/jnas/oneshot/chosen_words/matched_gender/female/5/5_18_1.wsj.out -3489.94
/usr/users/chiaying/oneshot/jnas/oneshot/chosen_words/matched_gender/female/5/5_19_1.wsj.out -3392.34
/usr/users/chiaying/oneshot/jnas/oneshot/chosen_words/matched_gender/female/5/5_1_1.wsj.out -3509.84
/usr/users/chiaying/oneshot/jnas/oneshot/chosen_words/matched_gender/female/5/5_20_1.wsj.out -3603.01
/usr/users/chiaying/oneshot/jnas/oneshot/chosen_words/matched_gender/female/5/5_2_1.wsj.out -3455.13
/usr/users/chiaying/oneshot/jnas/oneshot/chosen_words/matched_gender/female/5/5_3_1.wsj.out -3304.41
/usr/users/chiaying/oneshot/jnas/oneshot/chosen_words/matched_gender/female/5/5_4_1.wsj.out -3367.65
/usr/users/chiaying/oneshot/jnas/oneshot/chosen_words/matched_gender/female/5/5_5_1.wsj.out -3356.27
/usr/users/chiaying/oneshot/jnas/oneshot/chosen_words/matched_gender/female/5/5_6_1.wsj.out -3521.85
/usr/users/chiaying/oneshot/jnas/oneshot/chosen_words/matched_gender/female/5/5_7_1.wsj.out -3474.43
/usr/users/chiaying/oneshot/jnas/oneshot/chosen_words/matched_gender/female/5/5_8_1.wsj.out -3460.87
/usr/users/chiaying/oneshot/jnas/oneshot/chosen_words/matched_gender/female/5/5_9_1.wsj.out -3396.57
