/usr/users/chiaying/oneshot/jnas/oneshot/chosen_words/matched_gender/female/5/5_18_1.wsj.out
8 95 22 10 99 23 58 
/usr/users/chiaying/oneshot/jnas/oneshot/chosen_words/matched_gender/female/5/5_10_2.wsj.out -2833.07
/usr/users/chiaying/oneshot/jnas/oneshot/chosen_words/matched_gender/female/5/5_11_2.wsj.out -2636.5
/usr/users/chiaying/oneshot/jnas/oneshot/chosen_words/matched_gender/female/5/5_12_2.wsj.out -2791.18
/usr/users/chiaying/oneshot/jnas/oneshot/chosen_words/matched_gender/female/5/5_13_2.wsj.out -2650.06
/usr/users/chiaying/oneshot/jnas/oneshot/chosen_words/matched_gender/female/5/5_14_2.wsj.out -2798.96
/usr/users/chiaying/oneshot/jnas/oneshot/chosen_words/matched_gender/female/5/5_15_2.wsj.out -2933.1
/usr/users/chiaying/oneshot/jnas/oneshot/chosen_words/matched_gender/female/5/5_16_2.wsj.out -2667.7
/usr/users/chiaying/oneshot/jnas/oneshot/chosen_words/matched_gender/female/5/5_17_2.wsj.out -2661.96
/usr/users/chiaying/oneshot/jnas/oneshot/chosen_words/matched_gender/female/5/5_18_2.wsj.out -2430.37
/usr/users/chiaying/oneshot/jnas/oneshot/chosen_words/matched_gender/female/5/5_19_2.wsj.out -2740.93
/usr/users/chiaying/oneshot/jnas/oneshot/chosen_words/matched_gender/female/5/5_1_2.wsj.out -2880.91
/usr/users/chiaying/oneshot/jnas/oneshot/chosen_words/matched_gender/female/5/5_20_2.wsj.out -2705.58
/usr/users/chiaying/oneshot/jnas/oneshot/chosen_words/matched_gender/female/5/5_2_2.wsj.out -2725.49
/usr/users/chiaying/oneshot/jnas/oneshot/chosen_words/matched_gender/female/5/5_3_2.wsj.out -2775.17
/usr/users/chiaying/oneshot/jnas/oneshot/chosen_words/matched_gender/female/5/5_4_2.wsj.out -2825.16
/usr/users/chiaying/oneshot/jnas/oneshot/chosen_words/matched_gender/female/5/5_5_2.wsj.out -2752.24
/usr/users/chiaying/oneshot/jnas/oneshot/chosen_words/matched_gender/female/5/5_6_2.wsj.out -2679.91
/usr/users/chiaying/oneshot/jnas/oneshot/chosen_words/matched_gender/female/5/5_7_2.wsj.out -2586.16
/usr/users/chiaying/oneshot/jnas/oneshot/chosen_words/matched_gender/female/5/5_8_2.wsj.out -2490.92
/usr/users/chiaying/oneshot/jnas/oneshot/chosen_words/matched_gender/female/5/5_9_2.wsj.out -2783.46
