/usr/users/chiaying/oneshot/jnas/oneshot/chosen_words/matched_gender/female/5/5_19_2.jnas.out
48 49 85 75 36 9 10 67 73 75 57 67 73 86 3 66 
/usr/users/chiaying/oneshot/jnas/oneshot/chosen_words/matched_gender/female/5/5_10_1.jnas.out -4103.99
/usr/users/chiaying/oneshot/jnas/oneshot/chosen_words/matched_gender/female/5/5_11_1.jnas.out -4436.71
/usr/users/chiaying/oneshot/jnas/oneshot/chosen_words/matched_gender/female/5/5_12_1.jnas.out -4599.05
/usr/users/chiaying/oneshot/jnas/oneshot/chosen_words/matched_gender/female/5/5_13_1.jnas.out -4434.76
/usr/users/chiaying/oneshot/jnas/oneshot/chosen_words/matched_gender/female/5/5_14_1.jnas.out -4488.13
/usr/users/chiaying/oneshot/jnas/oneshot/chosen_words/matched_gender/female/5/5_15_1.jnas.out -4315.09
/usr/users/chiaying/oneshot/jnas/oneshot/chosen_words/matched_gender/female/5/5_16_1.jnas.out -4360.47
/usr/users/chiaying/oneshot/jnas/oneshot/chosen_words/matched_gender/female/5/5_17_1.jnas.out -4456.91
/usr/users/chiaying/oneshot/jnas/oneshot/chosen_words/matched_gender/female/5/5_18_1.jnas.out -4381.49
/usr/users/chiaying/oneshot/jnas/oneshot/chosen_words/matched_gender/female/5/5_19_1.jnas.out -3591.86
/usr/users/chiaying/oneshot/jnas/oneshot/chosen_words/matched_gender/female/5/5_1_1.jnas.out -4635.91
/usr/users/chiaying/oneshot/jnas/oneshot/chosen_words/matched_gender/female/5/5_20_1.jnas.out -4325.25
/usr/users/chiaying/oneshot/jnas/oneshot/chosen_words/matched_gender/female/5/5_2_1.jnas.out -4092.63
/usr/users/chiaying/oneshot/jnas/oneshot/chosen_words/matched_gender/female/5/5_3_1.jnas.out -4282.24
/usr/users/chiaying/oneshot/jnas/oneshot/chosen_words/matched_gender/female/5/5_4_1.jnas.out -4161.79
/usr/users/chiaying/oneshot/jnas/oneshot/chosen_words/matched_gender/female/5/5_5_1.jnas.out -4398.73
/usr/users/chiaying/oneshot/jnas/oneshot/chosen_words/matched_gender/female/5/5_6_1.jnas.out -4612.28
/usr/users/chiaying/oneshot/jnas/oneshot/chosen_words/matched_gender/female/5/5_7_1.jnas.out -4155.11
/usr/users/chiaying/oneshot/jnas/oneshot/chosen_words/matched_gender/female/5/5_8_1.jnas.out -4201.55
/usr/users/chiaying/oneshot/jnas/oneshot/chosen_words/matched_gender/female/5/5_9_1.jnas.out -4353.05
