/usr/users/chiaying/oneshot/jnas/oneshot/chosen_words/matched_gender/female/5/5_5_2.jnas.out
5 56 12 73 88 1 16 62 11 89 
/usr/users/chiaying/oneshot/jnas/oneshot/chosen_words/matched_gender/female/5/5_10_1.jnas.out -2385.7
/usr/users/chiaying/oneshot/jnas/oneshot/chosen_words/matched_gender/female/5/5_11_1.jnas.out -2551.19
/usr/users/chiaying/oneshot/jnas/oneshot/chosen_words/matched_gender/female/5/5_12_1.jnas.out -2280.76
/usr/users/chiaying/oneshot/jnas/oneshot/chosen_words/matched_gender/female/5/5_13_1.jnas.out -2541.27
/usr/users/chiaying/oneshot/jnas/oneshot/chosen_words/matched_gender/female/5/5_14_1.jnas.out -2123.03
/usr/users/chiaying/oneshot/jnas/oneshot/chosen_words/matched_gender/female/5/5_15_1.jnas.out -2486.52
/usr/users/chiaying/oneshot/jnas/oneshot/chosen_words/matched_gender/female/5/5_16_1.jnas.out -2323.8
/usr/users/chiaying/oneshot/jnas/oneshot/chosen_words/matched_gender/female/5/5_17_1.jnas.out -2433.44
/usr/users/chiaying/oneshot/jnas/oneshot/chosen_words/matched_gender/female/5/5_18_1.jnas.out -2215.05
/usr/users/chiaying/oneshot/jnas/oneshot/chosen_words/matched_gender/female/5/5_19_1.jnas.out -2397.95
/usr/users/chiaying/oneshot/jnas/oneshot/chosen_words/matched_gender/female/5/5_1_1.jnas.out -2288.15
/usr/users/chiaying/oneshot/jnas/oneshot/chosen_words/matched_gender/female/5/5_20_1.jnas.out -2390.03
/usr/users/chiaying/oneshot/jnas/oneshot/chosen_words/matched_gender/female/5/5_2_1.jnas.out -2245.2
/usr/users/chiaying/oneshot/jnas/oneshot/chosen_words/matched_gender/female/5/5_3_1.jnas.out -2385.25
/usr/users/chiaying/oneshot/jnas/oneshot/chosen_words/matched_gender/female/5/5_4_1.jnas.out -2416.41
/usr/users/chiaying/oneshot/jnas/oneshot/chosen_words/matched_gender/female/5/5_5_1.jnas.out -1954.13
/usr/users/chiaying/oneshot/jnas/oneshot/chosen_words/matched_gender/female/5/5_6_1.jnas.out -2578.58
/usr/users/chiaying/oneshot/jnas/oneshot/chosen_words/matched_gender/female/5/5_7_1.jnas.out -2336.08
/usr/users/chiaying/oneshot/jnas/oneshot/chosen_words/matched_gender/female/5/5_8_1.jnas.out -2244.88
/usr/users/chiaying/oneshot/jnas/oneshot/chosen_words/matched_gender/female/5/5_9_1.jnas.out -2284.27
