/usr/users/chiaying/oneshot/jnas/oneshot/chosen_words/matched_gender/female/5/5_8_1.wsj.out
37 48 35 65 44 23 44 74 50 26 40 14 
/usr/users/chiaying/oneshot/jnas/oneshot/chosen_words/matched_gender/female/5/5_10_2.wsj.out -5987.86
/usr/users/chiaying/oneshot/jnas/oneshot/chosen_words/matched_gender/female/5/5_11_2.wsj.out -5589.42
/usr/users/chiaying/oneshot/jnas/oneshot/chosen_words/matched_gender/female/5/5_12_2.wsj.out -5440.5
/usr/users/chiaying/oneshot/jnas/oneshot/chosen_words/matched_gender/female/5/5_13_2.wsj.out -6101.53
/usr/users/chiaying/oneshot/jnas/oneshot/chosen_words/matched_gender/female/5/5_14_2.wsj.out -5887.5
/usr/users/chiaying/oneshot/jnas/oneshot/chosen_words/matched_gender/female/5/5_15_2.wsj.out -5814.36
/usr/users/chiaying/oneshot/jnas/oneshot/chosen_words/matched_gender/female/5/5_16_2.wsj.out -5575.71
/usr/users/chiaying/oneshot/jnas/oneshot/chosen_words/matched_gender/female/5/5_17_2.wsj.out -5641.16
/usr/users/chiaying/oneshot/jnas/oneshot/chosen_words/matched_gender/female/5/5_18_2.wsj.out -5659.39
/usr/users/chiaying/oneshot/jnas/oneshot/chosen_words/matched_gender/female/5/5_19_2.wsj.out -5639.53
/usr/users/chiaying/oneshot/jnas/oneshot/chosen_words/matched_gender/female/5/5_1_2.wsj.out -5898.89
/usr/users/chiaying/oneshot/jnas/oneshot/chosen_words/matched_gender/female/5/5_20_2.wsj.out -5689.43
/usr/users/chiaying/oneshot/jnas/oneshot/chosen_words/matched_gender/female/5/5_2_2.wsj.out -5655.9
/usr/users/chiaying/oneshot/jnas/oneshot/chosen_words/matched_gender/female/5/5_3_2.wsj.out -5765.85
/usr/users/chiaying/oneshot/jnas/oneshot/chosen_words/matched_gender/female/5/5_4_2.wsj.out -5782.11
/usr/users/chiaying/oneshot/jnas/oneshot/chosen_words/matched_gender/female/5/5_5_2.wsj.out -5779.88
/usr/users/chiaying/oneshot/jnas/oneshot/chosen_words/matched_gender/female/5/5_6_2.wsj.out -5918.73
/usr/users/chiaying/oneshot/jnas/oneshot/chosen_words/matched_gender/female/5/5_7_2.wsj.out -5630.65
/usr/users/chiaying/oneshot/jnas/oneshot/chosen_words/matched_gender/female/5/5_8_2.wsj.out -5484.26
/usr/users/chiaying/oneshot/jnas/oneshot/chosen_words/matched_gender/female/5/5_9_2.wsj.out -5995.52
